This file contains any messages produced by compilers while
running configure, to aid debugging if configure makes a mistake.

It was created by ThirdPartyMumps configure 1.6.0, which was
generated by GNU Autoconf 2.59.  Invocation command line was

  $ ./configure --prefix=/usr/local --prefix=/usr/local coin_skip_warn_cxxflags=yes --with-blas=/usr/local/lib/libcoinblas.a -lgfortran --with-lapack=/usr/local/lib/libcoinlapack.a --cache-file=/dev/null --srcdir=.

## --------- ##
## Platform. ##
## --------- ##

hostname = Ignacios-MBP
uname -m = x86_64
uname -r = 16.7.0
uname -s = Darwin
uname -v = Darwin Kernel Version 16.7.0: Thu Jun 21 20:07:39 PDT 2018; root:xnu-3789.73.14~1/RELEASE_X86_64

/usr/bin/uname -p = i386
/bin/uname -X     = unknown

/bin/arch              = unknown
/usr/bin/arch -k       = unknown
/usr/convex/getsysinfo = unknown
hostinfo               = Mach kernel version:
	 Darwin Kernel Version 16.7.0: Thu Jun 21 20:07:39 PDT 2018; root:xnu-3789.73.14~1/RELEASE_X86_64
Kernel configured for up to 4 processors.
2 processors are physically available.
4 processors are logically available.
Processor type: i486 (Intel 80486)
Processors active: 0 1 2 3
Primary memory available: 8.00 gigabytes
Default processor set: 344 tasks, 2322 threads, 4 processors
Load average: 3.09, Mach factor: 1.42
/bin/machine           = unknown
/usr/bin/oslevel       = unknown
/bin/universe          = unknown

PATH: /Users/iglopezfrancos/Downloads/google-cloud-sdk/bin
PATH: /Applications/domino
PATH: /Users/iglopezfrancos/anaconda/bin
PATH: /usr/local/bin
PATH: /usr/bin
PATH: /bin
PATH: /usr/sbin
PATH: /sbin
PATH: /opt/X11/bin
PATH: /Applications/domino
PATH: /usr/local/share/dotnet
PATH: ~/.dotnet/tools
PATH: /usr/local/git/bin
PATH: /Library/Frameworks/Mono.framework/Versions/Current/Commands
PATH: /usr/texbin
PATH: /Applications/Wireshark.app/Contents/MacOS
PATH: /Applications/Xamarin Workbooks.app/Contents/SharedSupport/path-bin
PATH: /Users/iglopezfrancos/Downloads/google-cloud-sdk/bin
PATH: /Users/iglopezfrancos/.sdkman/candidates/gradle/current/bin
PATH: /Users/iglopezfrancos/anaconda/bin


## ----------- ##
## Core tests. ##
## ----------- ##

configure:1676: checking for svnversion
configure:1692: found /usr/bin/svnversion
configure:1703: result: yes
configure:1767: checking build system type
configure:1785: result: i386-apple-darwin16.7.0
configure:1801: checking whether we want to compile in debug mode
configure:1847: result: no
configure:2097: checking for clang
configure:2113: found /usr/bin/clang
configure:2123: result: clang
configure:2144: checking for C compiler version
configure:2147: clang --version </dev/null >&5
Apple LLVM version 9.0.0 (clang-900.0.39.2)
Target: x86_64-apple-darwin16.7.0
Thread model: posix
InstalledDir: /Applications/Xcode.app/Contents/Developer/Toolchains/XcodeDefault.xctoolchain/usr/bin
configure:2150: $? = 0
configure:2152: clang -v </dev/null >&5
Apple LLVM version 9.0.0 (clang-900.0.39.2)
Target: x86_64-apple-darwin16.7.0
Thread model: posix
InstalledDir: /Applications/Xcode.app/Contents/Developer/Toolchains/XcodeDefault.xctoolchain/usr/bin
Found CUDA installation: /usr/local/cuda, version 7.5
configure:2155: $? = 0
configure:2157: clang -V </dev/null >&5
clang: error: argument to '-V' is missing (expected 1 value)
clang: error: no input files
configure:2160: $? = 1
configure:2183: checking for C compiler default output file name
configure:2186: clang    conftest.c  >&5
configure:2189: $? = 0
configure:2235: result: a.out
configure:2240: checking whether the C compiler works
configure:2246: ./a.out
configure:2249: $? = 0
configure:2266: result: yes
configure:2273: checking whether we are cross compiling
configure:2275: result: no
configure:2278: checking for suffix of executables
configure:2280: clang -o conftest    conftest.c  >&5
configure:2283: $? = 0
configure:2308: result: 
configure:2314: checking for suffix of object files
configure:2335: clang -c   conftest.c >&5
configure:2338: $? = 0
configure:2360: result: o
configure:2364: checking whether we are using the GNU C compiler
configure:2388: clang -c   conftest.c >&5
configure:2394: $? = 0
configure:2398: test -z 
			 || test ! -s conftest.err
configure:2401: $? = 0
configure:2404: test -s conftest.o
configure:2407: $? = 0
configure:2420: result: yes
configure:2426: checking whether clang accepts -g
configure:2447: clang -c -g  conftest.c >&5
configure:2453: $? = 0
configure:2457: test -z 
			 || test ! -s conftest.err
configure:2460: $? = 0
configure:2463: test -s conftest.o
configure:2466: $? = 0
configure:2477: result: yes
configure:2494: checking for clang option to accept ANSI C
configure:2564: clang  -c -g -O2  conftest.c >&5
configure:2570: $? = 0
configure:2574: test -z 
			 || test ! -s conftest.err
configure:2577: $? = 0
configure:2580: test -s conftest.o
configure:2583: $? = 0
configure:2601: result: none needed
configure:2619: clang -c -g -O2  conftest.c >&5
conftest.c:2:3: error: unknown type name 'choke'
  choke me
  ^
conftest.c:2:11: error: expected ';' after top level declarator
  choke me
          ^
          ;
2 errors generated.
configure:2625: $? = 1
configure: failed program was:
| #ifndef __cplusplus
|   choke me
| #endif
configure:3046: clang -o conftest -O3 -pipe -DNDEBUG    -DMUMPS_BUILD   conftest.c  >&5
configure:3052: $? = 0
configure:3056: test -z 
			 || test ! -s conftest.err
configure:3059: $? = 0
configure:3062: test -s conftest
configure:3065: $? = 0
configure:3132: C compiler options are: -O3 -pipe -DNDEBUG    -DMUMPS_BUILD
configure:3203: Trying to determine Fortran compiler name
configure:3252: checking for xlf_r
configure:3281: result: no
configure:3252: checking for fort77
configure:3281: result: no
configure:3252: checking for gfortran
configure:3268: found /usr/local/bin/gfortran
configure:3278: result: gfortran
configure:3386: checking for Fortran 77 compiler version
configure:3389: gfortran --version </dev/null >&5
GNU Fortran (Homebrew gcc 4.9.2_1) 4.9.2
Copyright (C) 2014 Free Software Foundation, Inc.

GNU Fortran comes with NO WARRANTY, to the extent permitted by law.
You may redistribute copies of GNU Fortran
under the terms of the GNU General Public License.
For more information about these matters, see the file named COPYING

configure:3392: $? = 0
configure:3394: gfortran -v </dev/null >&5
Using built-in specs.
COLLECT_GCC=gfortran
COLLECT_LTO_WRAPPER=/usr/local/Cellar/gcc/4.9.2_1/libexec/gcc/x86_64-apple-darwin14.0.0/4.9.2/lto-wrapper
Target: x86_64-apple-darwin14.0.0
Configured with: ../configure --build=x86_64-apple-darwin14.0.0 --prefix=/usr/local/Cellar/gcc/4.9.2_1 --libdir=/usr/local/Cellar/gcc/4.9.2_1/lib/gcc/4.9 --enable-languages=c,c++,objc,obj-c++,fortran --program-suffix=-4.9 --with-gmp=/usr/local/opt/gmp --with-mpfr=/usr/local/opt/mpfr --with-mpc=/usr/local/opt/libmpc --with-cloog=/usr/local/opt/cloog --with-isl=/usr/local/opt/isl --with-system-zlib --enable-libstdcxx-time=yes --enable-stage1-checking --enable-checking=release --enable-lto --disable-werror --with-pkgversion='Homebrew gcc 4.9.2_1' --with-bugurl=https://github.com/Homebrew/homebrew/issues --enable-plugin --disable-nls --enable-multilib --with-native-system-header-dir=/usr/include --with-sysroot=/Applications/Xcode.app/Contents/Developer/Platforms/MacOSX.platform/Developer/SDKs/MacOSX10.10.sdk
Thread model: posix
gcc version 4.9.2 (Homebrew gcc 4.9.2_1) 
configure:3397: $? = 0
configure:3399: gfortran -V </dev/null >&5
gfortran: error: unrecognized command line option '-V'
gfortran: fatal error: no input files
compilation terminated.
configure:3402: $? = 1
configure:3410: checking whether we are using the GNU Fortran 77 compiler
configure:3424: gfortran -c  conftest.F >&5
configure:3430: $? = 0
configure:3434: test -z 
			 || test ! -s conftest.err
configure:3437: $? = 0
configure:3440: test -s conftest.o
configure:3443: $? = 0
configure:3456: result: yes
configure:3462: checking whether gfortran accepts -g
configure:3474: gfortran -c -g conftest.f >&5
configure:3480: $? = 0
configure:3484: test -z 
			 || test ! -s conftest.err
configure:3487: $? = 0
configure:3490: test -s conftest.o
configure:3493: $? = 0
configure:3505: result: yes
configure:3740: gfortran -o conftest -O3 -pipe    conftest.f  >&5
ld: library not found for -lSystem
collect2: error: ld returned 1 exit status
configure:3746: $? = 1
configure: failed program was:
|       program main
|       integer i
|       end
configure:3771: WARNING: The flags FFLAGS="" do not work.  I will now just try '-O', but you might want to set FFLAGS manually.
configure:3780: gfortran -o conftest -O  conftest.f  >&5
ld: library not found for -lSystem
collect2: error: ld returned 1 exit status
configure:3786: $? = 1
configure: failed program was:
|       program main
|       integer i
|       end
configure:3811: WARNING: This value for FFLAGS does not work.  I will continue with empty FFLAGS, but you might want to set FFLAGS manually.
configure:3817: Fortran compiler options are: 
configure:3853: checking how to get verbose linking output from gfortran
configure:3864: gfortran -c  conftest.f >&5
configure:3870: $? = 0
configure:3874: test -z 
			 || test ! -s conftest.err
configure:3877: $? = 0
configure:3880: test -s conftest.o
configure:3883: $? = 0
configure:3900: gfortran -o conftest  -v  conftest.f  >&5
Using built-in specs.
COLLECT_GCC=gfortran
COLLECT_LTO_WRAPPER=/usr/local/Cellar/gcc/4.9.2_1/libexec/gcc/x86_64-apple-darwin14.0.0/4.9.2/lto-wrapper
Target: x86_64-apple-darwin14.0.0
Configured with: ../configure --build=x86_64-apple-darwin14.0.0 --prefix=/usr/local/Cellar/gcc/4.9.2_1 --libdir=/usr/local/Cellar/gcc/4.9.2_1/lib/gcc/4.9 --enable-languages=c,c++,objc,obj-c++,fortran --program-suffix=-4.9 --with-gmp=/usr/local/opt/gmp --with-mpfr=/usr/local/opt/mpfr --with-mpc=/usr/local/opt/libmpc --with-cloog=/usr/local/opt/cloog --with-isl=/usr/local/opt/isl --with-system-zlib --enable-libstdcxx-time=yes --enable-stage1-checking --enable-checking=release --enable-lto --disable-werror --with-pkgversion='Homebrew gcc 4.9.2_1' --with-bugurl=https://github.com/Homebrew/homebrew/issues --enable-plugin --disable-nls --enable-multilib --with-native-system-header-dir=/usr/include --with-sysroot=/Applications/Xcode.app/Contents/Developer/Platforms/MacOSX.platform/Developer/SDKs/MacOSX10.10.sdk
Thread model: posix
gcc version 4.9.2 (Homebrew gcc 4.9.2_1) 
COLLECT_GCC_OPTIONS='-mmacosx-version-min=10.12.7' '-o' 'conftest' '-v' '-shared-libgcc' '-mtune=core2'
 /usr/local/Cellar/gcc/4.9.2_1/libexec/gcc/x86_64-apple-darwin14.0.0/4.9.2/f951 conftest.f -ffixed-form -fPIC -quiet -dumpbase conftest.f -mmacosx-version-min=10.12.7 -mtune=core2 -auxbase conftest -version -fintrinsic-modules-path /usr/local/Cellar/gcc/4.9.2_1/lib/gcc/4.9/gcc/x86_64-apple-darwin14.0.0/4.9.2/finclude -o /var/tmp//ccZ8XCme.s
GNU Fortran (Homebrew gcc 4.9.2_1) version 4.9.2 (x86_64-apple-darwin14.0.0)
	compiled by GNU C version 4.9.2, GMP version 6.0.0, MPFR version 3.1.2-p10, MPC version 1.0.2
GGC heuristics: --param ggc-min-expand=100 --param ggc-min-heapsize=131072
GNU Fortran (Homebrew gcc 4.9.2_1) version 4.9.2 (x86_64-apple-darwin14.0.0)
	compiled by GNU C version 4.9.2, GMP version 6.0.0, MPFR version 3.1.2-p10, MPC version 1.0.2
GGC heuristics: --param ggc-min-expand=100 --param ggc-min-heapsize=131072
COLLECT_GCC_OPTIONS='-mmacosx-version-min=10.12.7' '-o' 'conftest' '-v' '-shared-libgcc' '-mtune=core2'
 as -arch x86_64 -force_cpusubtype_ALL -o /var/tmp//ccJ8cKon.o /var/tmp//ccZ8XCme.s
Reading specs from /usr/local/Cellar/gcc/4.9.2_1/lib/gcc/4.9/gcc/x86_64-apple-darwin14.0.0/4.9.2/../../../libgfortran.spec
rename spec lib to liborig
COLLECT_GCC_OPTIONS='-mmacosx-version-min=10.12.7' '-o' 'conftest' '-v' '-shared-libgcc' '-mtune=core2'
COMPILER_PATH=/usr/local/Cellar/gcc/4.9.2_1/libexec/gcc/x86_64-apple-darwin14.0.0/4.9.2/:/usr/local/Cellar/gcc/4.9.2_1/libexec/gcc/x86_64-apple-darwin14.0.0/4.9.2/:/usr/local/Cellar/gcc/4.9.2_1/libexec/gcc/x86_64-apple-darwin14.0.0/:/usr/local/Cellar/gcc/4.9.2_1/lib/gcc/4.9/gcc/x86_64-apple-darwin14.0.0/4.9.2/:/usr/local/Cellar/gcc/4.9.2_1/lib/gcc/4.9/gcc/x86_64-apple-darwin14.0.0/
LIBRARY_PATH=/usr/local/Cellar/gcc/4.9.2_1/lib/gcc/4.9/gcc/x86_64-apple-darwin14.0.0/4.9.2/:/usr/local/Cellar/gcc/4.9.2_1/lib/gcc/4.9/gcc/x86_64-apple-darwin14.0.0/4.9.2/../../../
COLLECT_GCC_OPTIONS='-mmacosx-version-min=10.12.7' '-o' 'conftest' '-v' '-shared-libgcc' '-mtune=core2'
 /usr/local/Cellar/gcc/4.9.2_1/libexec/gcc/x86_64-apple-darwin14.0.0/4.9.2/collect2 -dynamic -arch x86_64 -macosx_version_min 10.12.7 -syslibroot /Applications/Xcode.app/Contents/Developer/Platforms/MacOSX.platform/Developer/SDKs/MacOSX10.10.sdk -weak_reference_mismatches non-weak -o conftest -L/usr/local/Cellar/gcc/4.9.2_1/lib/gcc/4.9/gcc/x86_64-apple-darwin14.0.0/4.9.2 -L/usr/local/Cellar/gcc/4.9.2_1/lib/gcc/4.9/gcc/x86_64-apple-darwin14.0.0/4.9.2/../../.. /var/tmp//ccJ8cKon.o -lgfortran -no_compact_unwind -lSystem -lgcc_ext.10.5 -lgcc -lquadmath -lm -lgcc_ext.10.5 -lgcc -lSystem -v
collect2 version 4.9.2
/usr/bin/ld -dynamic -arch x86_64 -macosx_version_min 10.12.7 -syslibroot /Applications/Xcode.app/Contents/Developer/Platforms/MacOSX.platform/Developer/SDKs/MacOSX10.10.sdk -weak_reference_mismatches non-weak -o conftest -L/usr/local/Cellar/gcc/4.9.2_1/lib/gcc/4.9/gcc/x86_64-apple-darwin14.0.0/4.9.2 -L/usr/local/Cellar/gcc/4.9.2_1/lib/gcc/4.9/gcc/x86_64-apple-darwin14.0.0/4.9.2/../../.. /var/tmp//ccJ8cKon.o -lgfortran -no_compact_unwind -lSystem -lgcc_ext.10.5 -lgcc -lquadmath -lm -lgcc_ext.10.5 -lgcc -lSystem -v
@(#)PROGRAM:ld  PROJECT:ld64-305
configured to support archs: armv6 armv7 armv7s arm64 i386 x86_64 x86_64h armv6m armv7k armv7m armv7em (tvOS)
Library search paths:
	/usr/local/Cellar/gcc/4.9.2_1/lib/gcc/4.9/gcc/x86_64-apple-darwin14.0.0/4.9.2
	/usr/local/Cellar/gcc/4.9.2_1/lib/gcc/4.9
Framework search paths:
ld: library not found for -lSystem
collect2: error: ld returned 1 exit status
configure:3955: result: -v
configure:3957: checking for Fortran libraries of gfortran
configure:3978: gfortran -o conftest  -v  conftest.f  >&5
Using built-in specs.
COLLECT_GCC=gfortran
COLLECT_LTO_WRAPPER=/usr/local/Cellar/gcc/4.9.2_1/libexec/gcc/x86_64-apple-darwin14.0.0/4.9.2/lto-wrapper
Target: x86_64-apple-darwin14.0.0
Configured with: ../configure --build=x86_64-apple-darwin14.0.0 --prefix=/usr/local/Cellar/gcc/4.9.2_1 --libdir=/usr/local/Cellar/gcc/4.9.2_1/lib/gcc/4.9 --enable-languages=c,c++,objc,obj-c++,fortran --program-suffix=-4.9 --with-gmp=/usr/local/opt/gmp --with-mpfr=/usr/local/opt/mpfr --with-mpc=/usr/local/opt/libmpc --with-cloog=/usr/local/opt/cloog --with-isl=/usr/local/opt/isl --with-system-zlib --enable-libstdcxx-time=yes --enable-stage1-checking --enable-checking=release --enable-lto --disable-werror --with-pkgversion='Homebrew gcc 4.9.2_1' --with-bugurl=https://github.com/Homebrew/homebrew/issues --enable-plugin --disable-nls --enable-multilib --with-native-system-header-dir=/usr/include --with-sysroot=/Applications/Xcode.app/Contents/Developer/Platforms/MacOSX.platform/Developer/SDKs/MacOSX10.10.sdk
Thread model: posix
gcc version 4.9.2 (Homebrew gcc 4.9.2_1) 
COLLECT_GCC_OPTIONS='-mmacosx-version-min=10.12.7' '-o' 'conftest' '-v' '-shared-libgcc' '-mtune=core2'
 /usr/local/Cellar/gcc/4.9.2_1/libexec/gcc/x86_64-apple-darwin14.0.0/4.9.2/f951 conftest.f -ffixed-form -fPIC -quiet -dumpbase conftest.f -mmacosx-version-min=10.12.7 -mtune=core2 -auxbase conftest -version -fintrinsic-modules-path /usr/local/Cellar/gcc/4.9.2_1/lib/gcc/4.9/gcc/x86_64-apple-darwin14.0.0/4.9.2/finclude -o /var/tmp//ccaxyEZF.s
GNU Fortran (Homebrew gcc 4.9.2_1) version 4.9.2 (x86_64-apple-darwin14.0.0)
	compiled by GNU C version 4.9.2, GMP version 6.0.0, MPFR version 3.1.2-p10, MPC version 1.0.2
GGC heuristics: --param ggc-min-expand=100 --param ggc-min-heapsize=131072
GNU Fortran (Homebrew gcc 4.9.2_1) version 4.9.2 (x86_64-apple-darwin14.0.0)
	compiled by GNU C version 4.9.2, GMP version 6.0.0, MPFR version 3.1.2-p10, MPC version 1.0.2
GGC heuristics: --param ggc-min-expand=100 --param ggc-min-heapsize=131072
COLLECT_GCC_OPTIONS='-mmacosx-version-min=10.12.7' '-o' 'conftest' '-v' '-shared-libgcc' '-mtune=core2'
 as -arch x86_64 -force_cpusubtype_ALL -o /var/tmp//cc6yuTuk.o /var/tmp//ccaxyEZF.s
Reading specs from /usr/local/Cellar/gcc/4.9.2_1/lib/gcc/4.9/gcc/x86_64-apple-darwin14.0.0/4.9.2/../../../libgfortran.spec
rename spec lib to liborig
COLLECT_GCC_OPTIONS='-mmacosx-version-min=10.12.7' '-o' 'conftest' '-v' '-shared-libgcc' '-mtune=core2'
COMPILER_PATH=/usr/local/Cellar/gcc/4.9.2_1/libexec/gcc/x86_64-apple-darwin14.0.0/4.9.2/:/usr/local/Cellar/gcc/4.9.2_1/libexec/gcc/x86_64-apple-darwin14.0.0/4.9.2/:/usr/local/Cellar/gcc/4.9.2_1/libexec/gcc/x86_64-apple-darwin14.0.0/:/usr/local/Cellar/gcc/4.9.2_1/lib/gcc/4.9/gcc/x86_64-apple-darwin14.0.0/4.9.2/:/usr/local/Cellar/gcc/4.9.2_1/lib/gcc/4.9/gcc/x86_64-apple-darwin14.0.0/
LIBRARY_PATH=/usr/local/Cellar/gcc/4.9.2_1/lib/gcc/4.9/gcc/x86_64-apple-darwin14.0.0/4.9.2/:/usr/local/Cellar/gcc/4.9.2_1/lib/gcc/4.9/gcc/x86_64-apple-darwin14.0.0/4.9.2/../../../
COLLECT_GCC_OPTIONS='-mmacosx-version-min=10.12.7' '-o' 'conftest' '-v' '-shared-libgcc' '-mtune=core2'
 /usr/local/Cellar/gcc/4.9.2_1/libexec/gcc/x86_64-apple-darwin14.0.0/4.9.2/collect2 -dynamic -arch x86_64 -macosx_version_min 10.12.7 -syslibroot /Applications/Xcode.app/Contents/Developer/Platforms/MacOSX.platform/Developer/SDKs/MacOSX10.10.sdk -weak_reference_mismatches non-weak -o conftest -L/usr/local/Cellar/gcc/4.9.2_1/lib/gcc/4.9/gcc/x86_64-apple-darwin14.0.0/4.9.2 -L/usr/local/Cellar/gcc/4.9.2_1/lib/gcc/4.9/gcc/x86_64-apple-darwin14.0.0/4.9.2/../../.. /var/tmp//cc6yuTuk.o -lgfortran -no_compact_unwind -lSystem -lgcc_ext.10.5 -lgcc -lquadmath -lm -lgcc_ext.10.5 -lgcc -lSystem -v
collect2 version 4.9.2
/usr/bin/ld -dynamic -arch x86_64 -macosx_version_min 10.12.7 -syslibroot /Applications/Xcode.app/Contents/Developer/Platforms/MacOSX.platform/Developer/SDKs/MacOSX10.10.sdk -weak_reference_mismatches non-weak -o conftest -L/usr/local/Cellar/gcc/4.9.2_1/lib/gcc/4.9/gcc/x86_64-apple-darwin14.0.0/4.9.2 -L/usr/local/Cellar/gcc/4.9.2_1/lib/gcc/4.9/gcc/x86_64-apple-darwin14.0.0/4.9.2/../../.. /var/tmp//cc6yuTuk.o -lgfortran -no_compact_unwind -lSystem -lgcc_ext.10.5 -lgcc -lquadmath -lm -lgcc_ext.10.5 -lgcc -lSystem -v
@(#)PROGRAM:ld  PROJECT:ld64-305
configured to support archs: armv6 armv7 armv7s arm64 i386 x86_64 x86_64h armv6m armv7k armv7m armv7em (tvOS)
Library search paths:
	/usr/local/Cellar/gcc/4.9.2_1/lib/gcc/4.9/gcc/x86_64-apple-darwin14.0.0/4.9.2
	/usr/local/Cellar/gcc/4.9.2_1/lib/gcc/4.9
Framework search paths:
ld: library not found for -lSystem
collect2: error: ld returned 1 exit status
configure:4139: result:  -L/usr/local/Cellar/gcc/4.9.2_1/lib/gcc/4.9/gcc/x86_64-apple-darwin14.0.0/4.9.2 -L/usr/local/Cellar/gcc/4.9.2_1/lib/gcc/4.9/gcc/x86_64-apple-darwin14.0.0/4.9.2/../../.. -lgfortran -lSystem -lgcc_ext.10.5 -lquadmath -lm
configure:4206: Corrected Fortran libraries:  -L/usr/local/Cellar/gcc/4.9.2_1/lib/gcc/4.9/gcc/x86_64-apple-darwin14.0.0/4.9.2 -L/usr/local/Cellar/gcc/4.9.2_1/lib/gcc/4.9/gcc/x86_64-apple-darwin14.0.0/4.9.2/../../.. -lgfortran -lSystem -lquadmath -lm
configure:4215: checking for dummy main to link with Fortran libraries
configure:4254: clang -o conftest -O3 -pipe -DNDEBUG    -DMUMPS_BUILD   conftest.c   -L/usr/local/Cellar/gcc/4.9.2_1/lib/gcc/4.9/gcc/x86_64-apple-darwin14.0.0/4.9.2 -L/usr/local/Cellar/gcc/4.9.2_1/lib/gcc/4.9/gcc/x86_64-apple-darwin14.0.0/4.9.2/../../.. -lgfortran -lSystem -lquadmath -lm >&5
configure:4260: $? = 0
configure:4264: test -z 
			 || test ! -s conftest.err
configure:4267: $? = 0
configure:4270: test -s conftest
configure:4273: $? = 0
configure:4351: result: none
configure:4387: checking for Fortran name-mangling scheme
configure:4401: gfortran -c  conftest.f >&5
configure:4407: $? = 0
configure:4411: test -z 
			 || test ! -s conftest.err
configure:4414: $? = 0
configure:4417: test -s conftest.o
configure:4420: $? = 0
configure:4467: clang -o conftest -O3 -pipe -DNDEBUG    -DMUMPS_BUILD   conftest.c cfortran_test.o   -L/usr/local/Cellar/gcc/4.9.2_1/lib/gcc/4.9/gcc/x86_64-apple-darwin14.0.0/4.9.2 -L/usr/local/Cellar/gcc/4.9.2_1/lib/gcc/4.9/gcc/x86_64-apple-darwin14.0.0/4.9.2/../../.. -lgfortran -lSystem -lquadmath -lm >&5
Undefined symbols for architecture x86_64:
  "_foobar", referenced from:
      _main in conftest-a40f61.o
     (maybe you meant: _foobar_)
ld: symbol(s) not found for architecture x86_64
clang: error: linker command failed with exit code 1 (use -v to see invocation)
configure:4473: $? = 1
configure: failed program was:
| /* confdefs.h.  */
| 
| #define PACKAGE_NAME "ThirdPartyMumps"
| #define PACKAGE_TARNAME "thirdpartymumps"
| #define PACKAGE_VERSION "1.6.0"
| #define PACKAGE_STRING "ThirdPartyMumps 1.6.0"
| #define PACKAGE_BUGREPORT "http://projects.coin-or.org/BuildTools/newticket"
| #define MUMPS_VERSION "1.6.0"
| #define MUMPS_VERSION_MAJOR 1
| #define MUMPS_VERSION_MINOR 6
| #define MUMPS_VERSION_RELEASE 0
| #define COIN_MUMPS_VERBOSITY 0
| #define COIN_MUMPS_CHECKLEVEL 0
| /* end confdefs.h.  */
| 
| /* Override any gcc2 internal prototype to avoid an error.  */
| #ifdef __cplusplus
| extern "C"
| #endif
| /* We use char because int might match the return type of a gcc2
|    builtin and then its argument prototype would still apply.  */
| char foobar ();
| #ifdef F77_DUMMY_MAIN
| 
| #  ifdef __cplusplus
|      extern "C"
| #  endif
|    int F77_DUMMY_MAIN() { return 1; }
| 
| #endif
| int
| main ()
| {
| foobar ();
|   ;
|   return 0;
| }
configure:4467: clang -o conftest -O3 -pipe -DNDEBUG    -DMUMPS_BUILD   conftest.c cfortran_test.o   -L/usr/local/Cellar/gcc/4.9.2_1/lib/gcc/4.9/gcc/x86_64-apple-darwin14.0.0/4.9.2 -L/usr/local/Cellar/gcc/4.9.2_1/lib/gcc/4.9/gcc/x86_64-apple-darwin14.0.0/4.9.2/../../.. -lgfortran -lSystem -lquadmath -lm >&5
configure:4473: $? = 0
configure:4477: test -z 
			 || test ! -s conftest.err
configure:4480: $? = 0
configure:4483: test -s conftest
configure:4486: $? = 0
configure:4554: clang -o conftest -O3 -pipe -DNDEBUG    -DMUMPS_BUILD   conftest.c cfortran_test.o   -L/usr/local/Cellar/gcc/4.9.2_1/lib/gcc/4.9/gcc/x86_64-apple-darwin14.0.0/4.9.2 -L/usr/local/Cellar/gcc/4.9.2_1/lib/gcc/4.9/gcc/x86_64-apple-darwin14.0.0/4.9.2/../../.. -lgfortran -lSystem -lquadmath -lm >&5
configure:4560: $? = 0
configure:4564: test -z 
			 || test ! -s conftest.err
configure:4567: $? = 0
configure:4570: test -s conftest
configure:4573: $? = 0
configure:4623: result: lower case, underscore, no extra underscore
configure:5612: checking whether ln -s works
configure:5616: result: yes
configure:5637: checking for a BSD-compatible install
configure:5692: result: /usr/bin/install -c
configure:5703: checking whether build environment is sane
configure:5746: result: yes
configure:5811: checking for gawk
configure:5840: result: no
configure:5811: checking for mawk
configure:5840: result: no
configure:5811: checking for nawk
configure:5840: result: no
configure:5811: checking for awk
configure:5827: found /usr/bin/awk
configure:5837: result: awk
configure:5847: checking whether make sets $(MAKE)
configure:5867: result: yes
configure:5897: checking for style of include used by make
configure:5925: result: GNU
configure:6106: checking dependency style of clang
configure:6196: result: gcc3
configure:6214: checking whether to enable maintainer-specific portions of Makefiles
configure:6223: result: no
configure:21620: Using libtool script in directory ../..
configure:21719: checking if library version is set
configure:21723: result: 7:0:6
configure:21792: checking for pkg-config
configure:21808: found /usr/local/bin/pkg-config
configure:21818: result: pkg-config
configure:21833: checking pkg-config is at least version 0.16.0
configure:21836: result: yes
configure:21960: checking whether user supplied BLASLIB="/usr/local/lib/libcoinblas.a -lgfortran" works
configure:22074: clang -o conftest -O3 -pipe -DNDEBUG    -DMUMPS_BUILD   conftest.c /usr/local/lib/libcoinblas.a -lgfortran  >&5
ld: library not found for -lgfortran
clang: error: linker command failed with exit code 1 (use -v to see invocation)
configure:22080: $? = 1
configure: failed program was:
| /* confdefs.h.  */
| 
| #define PACKAGE_NAME "ThirdPartyMumps"
| #define PACKAGE_TARNAME "thirdpartymumps"
| #define PACKAGE_VERSION "1.6.0"
| #define PACKAGE_STRING "ThirdPartyMumps 1.6.0"
| #define PACKAGE_BUGREPORT "http://projects.coin-or.org/BuildTools/newticket"
| #define MUMPS_VERSION "1.6.0"
| #define MUMPS_VERSION_MAJOR 1
| #define MUMPS_VERSION_MINOR 6
| #define MUMPS_VERSION_RELEASE 0
| #define COIN_MUMPS_VERBOSITY 0
| #define COIN_MUMPS_CHECKLEVEL 0
| #define F77_FUNC(name,NAME) name ## _
| #define F77_FUNC_(name,NAME) name ## _
| #define PACKAGE "thirdpartymumps"
| #define VERSION "1.6.0"
| #define STDC_HEADERS 1
| #define HAVE_SYS_TYPES_H 1
| #define HAVE_SYS_STAT_H 1
| #define HAVE_STDLIB_H 1
| #define HAVE_STRING_H 1
| #define HAVE_MEMORY_H 1
| #define HAVE_STRINGS_H 1
| #define HAVE_INTTYPES_H 1
| #define HAVE_STDINT_H 1
| #define HAVE_UNISTD_H 1
| #define HAVE_DLFCN_H 1
| /* end confdefs.h.  */
| void daxpy_();
| #ifdef F77_DUMMY_MAIN
| 
| #  ifdef __cplusplus
|      extern "C"
| #  endif
|    int F77_DUMMY_MAIN() { return 1; }
| 
| #endif
| int
| main ()
| {
| daxpy_()
|   ;
|   return 0;
| }
configure:22139: clang -o conftest -O3 -pipe -DNDEBUG    -DMUMPS_BUILD   conftest.c /usr/local/lib/libcoinblas.a -lgfortran   -L/usr/local/Cellar/gcc/4.9.2_1/lib/gcc/4.9/gcc/x86_64-apple-darwin14.0.0/4.9.2 -L/usr/local/Cellar/gcc/4.9.2_1/lib/gcc/4.9/gcc/x86_64-apple-darwin14.0.0/4.9.2/../../.. -lgfortran -lSystem -lquadmath -lm >&5
configure:22145: $? = 0
configure:22149: test -z 
			 || test ! -s conftest.err
configure:22152: $? = 0
configure:22155: test -s conftest
configure:22158: $? = 0
configure:22165: result: yes: /usr/local/lib/libcoinblas.a -lgfortran  -L/usr/local/Cellar/gcc/4.9.2_1/lib/gcc/4.9/gcc/x86_64-apple-darwin14.0.0/4.9.2 -L/usr/local/Cellar/gcc/4.9.2_1/lib/gcc/4.9/gcc/x86_64-apple-darwin14.0.0/4.9.2/../../.. -lgfortran -lSystem -lquadmath -lm
configure:25654: checking for COIN-OR package Metis
configure:25818: result: not given: No package 'coinmetis' found
configure:26170: checking whether we can compile Fortran 90 code
configure:26183: gfortran -c  conftest.f >&5
configure:26189: $? = 0
configure:26193: test -z 
			 || test ! -s conftest.err
configure:26196: $? = 0
configure:26199: test -s conftest.o
configure:26202: $? = 0
configure:26212: result: yes
configure:26248: checking for additional preprocessor C flags
configure:26250: result: -DAdd_ -DWITHOUT_PTHREAD=1 -DALLOW_NON_INIT -DMUMPS_ARITH=MUMPS_ARITH_d
configure:26252: checking for additional preprocessor Fortran flags
configure:26254: result: 
configure:26264: checking which command should be used to link input files
configure:26272: result: ln -s
configure:26553: creating ./config.status

## ---------------------- ##
## Running config.status. ##
## ---------------------- ##

This file was extended by ThirdPartyMumps config.status 1.6.0, which was
generated by GNU Autoconf 2.59.  Invocation command line was

  CONFIG_FILES    = 
  CONFIG_HEADERS  = 
  CONFIG_LINKS    = 
  CONFIG_COMMANDS = 
  $ ./config.status 

on Ignacios-MBP

config.status:785: creating Makefile
config.status:785: creating coinmumps.pc
config.status:785: creating coinmumps-uninstalled.pc
config.status:968: executing depfiles commands
configure:27745: In case of trouble, first consult the troubleshooting page at https://projects.coin-or.org/BuildTools/wiki/user-troubleshooting
configure:27748: Configuration of ThirdPartyMumps successful

## ---------------- ##
## Cache variables. ##
## ---------------- ##

ac_cv_build=i386-apple-darwin16.7.0
ac_cv_build_alias=i386-apple-darwin16.7.0
ac_cv_c_compiler_gnu=yes
ac_cv_env_ADD_CFLAGS_set=
ac_cv_env_ADD_CFLAGS_value=
ac_cv_env_ADD_FFLAGS_set=
ac_cv_env_ADD_FFLAGS_value=
ac_cv_env_CC_set=
ac_cv_env_CC_value=
ac_cv_env_CDEFS_set=
ac_cv_env_CDEFS_value=
ac_cv_env_CFLAGS_set=
ac_cv_env_CFLAGS_value=
ac_cv_env_CPPFLAGS_set=
ac_cv_env_CPPFLAGS_value=
ac_cv_env_CPP_set=
ac_cv_env_CPP_value=
ac_cv_env_CXXCPP_set=
ac_cv_env_CXXCPP_value=
ac_cv_env_CXXFLAGS_set=
ac_cv_env_CXXFLAGS_value=
ac_cv_env_CXX_set=
ac_cv_env_CXX_value=
ac_cv_env_DBG_CFLAGS_set=
ac_cv_env_DBG_CFLAGS_value=
ac_cv_env_DBG_FFLAGS_set=
ac_cv_env_DBG_FFLAGS_value=
ac_cv_env_F77_set=
ac_cv_env_F77_value=
ac_cv_env_FFLAGS_set=
ac_cv_env_FFLAGS_value=
ac_cv_env_LDFLAGS_set=
ac_cv_env_LDFLAGS_value=
ac_cv_env_MPICC_set=
ac_cv_env_MPICC_value=
ac_cv_env_MPIF77_set=
ac_cv_env_MPIF77_value=
ac_cv_env_OPT_CFLAGS_set=
ac_cv_env_OPT_CFLAGS_value=
ac_cv_env_OPT_FFLAGS_set=
ac_cv_env_OPT_FFLAGS_value=
ac_cv_env_PKG_CONFIG_set=
ac_cv_env_PKG_CONFIG_value=
ac_cv_env_build_alias_set=
ac_cv_env_build_alias_value=
ac_cv_env_host_alias_set=
ac_cv_env_host_alias_value=
ac_cv_env_target_alias_set=
ac_cv_env_target_alias_value=
ac_cv_exeext=
ac_cv_f77_compiler_gnu=yes
ac_cv_f77_dummy_main=none
ac_cv_f77_libs=' -L/usr/local/Cellar/gcc/4.9.2_1/lib/gcc/4.9/gcc/x86_64-apple-darwin14.0.0/4.9.2 -L/usr/local/Cellar/gcc/4.9.2_1/lib/gcc/4.9/gcc/x86_64-apple-darwin14.0.0/4.9.2/../../.. -lgfortran -lSystem -lquadmath -lm'
ac_cv_f77_mangling='lower case, underscore, no extra underscore'
ac_cv_fortran_dummy_main=none
ac_cv_objext=o
ac_cv_path_install='/usr/bin/install -c'
ac_cv_prog_AWK=awk
ac_cv_prog_ac_ct_CC=clang
ac_cv_prog_ac_ct_F77=gfortran
ac_cv_prog_ac_ct_PKG_CONFIG=pkg-config
ac_cv_prog_cc_g=yes
ac_cv_prog_cc_stdc=
ac_cv_prog_f77_g=yes
ac_cv_prog_f77_v=-v
ac_cv_prog_have_svnversion=yes
ac_cv_prog_make_make_set=yes
am_cv_CC_dependencies_compiler_type=gcc3

## ----------------- ##
## Output variables. ##
## ----------------- ##

ABSBUILDDIR='/Users/iglopezfrancos/Documents/PROJECTS/Udacity_SDE/CarND-MPC-Project/Ipopt-3.12.7/ThirdParty/Mumps'
ACLOCAL='${SHELL} /Users/iglopezfrancos/Documents/PROJECTS/Udacity_SDE/CarND-MPC-Project/Ipopt-3.12.7/ThirdParty/Mumps/missing --run aclocal-1.9'
ADD_CFLAGS=''
ADD_FFLAGS=''
ALWAYS_FALSE_FALSE=''
ALWAYS_FALSE_TRUE='#'
AMDEPBACKSLASH='\'
AMDEP_FALSE='#'
AMDEP_TRUE=''
AMTAR='${SHELL} /Users/iglopezfrancos/Documents/PROJECTS/Udacity_SDE/CarND-MPC-Project/Ipopt-3.12.7/ThirdParty/Mumps/missing --run tar'
AR='ar'
AUTOCONF='${SHELL} /Users/iglopezfrancos/Documents/PROJECTS/Udacity_SDE/CarND-MPC-Project/Ipopt-3.12.7/ThirdParty/Mumps/missing --run autoconf'
AUTOHEADER='${SHELL} /Users/iglopezfrancos/Documents/PROJECTS/Udacity_SDE/CarND-MPC-Project/Ipopt-3.12.7/ThirdParty/Mumps/missing --run autoheader'
AUTOMAKE='${SHELL} /Users/iglopezfrancos/Documents/PROJECTS/Udacity_SDE/CarND-MPC-Project/Ipopt-3.12.7/ThirdParty/Mumps/missing --run automake-1.9'
AUX_DIR=''
AWK='awk'
BLAS_CFLAGS=''
BLAS_CFLAGS_INSTALLED=''
BLAS_DATA=''
BLAS_DATA_INSTALLED=''
BLAS_DEPENDENCIES=''
BLAS_LIBS='/usr/local/lib/libcoinblas.a -lgfortran  -L/usr/local/Cellar/gcc/4.9.2_1/lib/gcc/4.9/gcc/x86_64-apple-darwin14.0.0/4.9.2 -L/usr/local/Cellar/gcc/4.9.2_1/lib/gcc/4.9/gcc/x86_64-apple-darwin14.0.0/4.9.2/../../.. -lgfortran -lSystem -lquadmath -lm  -L/usr/local/Cellar/gcc/4.9.2_1/lib/gcc/4.9/gcc/x86_64-apple-darwin14.0.0/4.9.2 -L/usr/local/Cellar/gcc/4.9.2_1/lib/gcc/4.9/gcc/x86_64-apple-darwin14.0.0/4.9.2/../../.. -lgfortran -lSystem -lquadmath -lm'
BLAS_LIBS_INSTALLED=''
BUILDTOOLSDIR=''
CC='clang'
CCDEPMODE='depmode=gcc3'
CDEFS=''
CFLAGS='-O3 -pipe -DNDEBUG    -DMUMPS_BUILD'
COIN_CC_IS_CL_FALSE=''
COIN_CC_IS_CL_TRUE='#'
COIN_HAS_BLAS_FALSE='#'
COIN_HAS_BLAS_TRUE=''
COIN_HAS_METIS_FALSE=''
COIN_HAS_METIS_TRUE='#'
COIN_HAS_PKGCONFIG_FALSE='#'
COIN_HAS_PKGCONFIG_TRUE=''
COIN_PKG_CONFIG_PATH='/usr/local/lib64/pkgconfig:/usr/local/lib/pkgconfig:/usr/local/share/pkgconfig:'
COIN_PKG_CONFIG_PATH_UNINSTALLED='/Users/iglopezfrancos/Documents/PROJECTS/Udacity_SDE/CarND-MPC-Project/Ipopt-3.12.7/Ipopt:/Users/iglopezfrancos/Documents/PROJECTS/Udacity_SDE/CarND-MPC-Project/Ipopt-3.12.7/ThirdParty/Mumps:/Users/iglopezfrancos/Documents/PROJECTS/Udacity_SDE/CarND-MPC-Project/Ipopt-3.12.7/ThirdParty/ASL:'
CPP='clang -E'
CPPFLAGS=''
CXX=''
CXXCPP='clang++ -E'
CXXDEPMODE=''
CXXFLAGS=''
CYGPATH_W='echo'
DBG_CFLAGS='-g -O0 -pipe   '
DBG_FFLAGS='-g -O0 -pipe  '
DEFS='-DPACKAGE_NAME=\"ThirdPartyMumps\" -DPACKAGE_TARNAME=\"thirdpartymumps\" -DPACKAGE_VERSION=\"1.6.0\" -DPACKAGE_STRING=\"ThirdPartyMumps\ 1.6.0\" -DPACKAGE_BUGREPORT=\"http://projects.coin-or.org/BuildTools/newticket\" -DMUMPS_VERSION=\"1.6.0\" -DMUMPS_VERSION_MAJOR=1 -DMUMPS_VERSION_MINOR=6 -DMUMPS_VERSION_RELEASE=0 -DCOIN_MUMPS_VERBOSITY=0 -DCOIN_MUMPS_CHECKLEVEL=0 -DF77_FUNC\(name,NAME\)=name\ \#\#\ _ -DF77_FUNC_\(name,NAME\)=name\ \#\#\ _ -DPACKAGE=\"thirdpartymumps\" -DVERSION=\"1.6.0\" -DSTDC_HEADERS=1 -DHAVE_SYS_TYPES_H=1 -DHAVE_SYS_STAT_H=1 -DHAVE_STDLIB_H=1 -DHAVE_STRING_H=1 -DHAVE_MEMORY_H=1 -DHAVE_STRINGS_H=1 -DHAVE_INTTYPES_H=1 -DHAVE_STDINT_H=1 -DHAVE_UNISTD_H=1 -DHAVE_DLFCN_H=1 -DCOIN_HAS_BLAS=1 '
DEPDIR='.deps'
DEPENDENCY_LINKING_FALSE='#'
DEPENDENCY_LINKING_TRUE=''
ECHO='/bin/echo'
ECHO_C='ECHO_N=''
ECHO_T=''
EGREP=''
EXEEXT=''
F77='gfortran'
FFLAGS=''
FLIBS=' -L/usr/local/Cellar/gcc/4.9.2_1/lib/gcc/4.9/gcc/x86_64-apple-darwin14.0.0/4.9.2 -L/usr/local/Cellar/gcc/4.9.2_1/lib/gcc/4.9/gcc/x86_64-apple-darwin14.0.0/4.9.2/../../.. -lgfortran -lSystem -lquadmath -lm'
HAVE_EXTERNALS_FALSE=''
HAVE_EXTERNALS_TRUE='#'
INSTALL_DATA='${INSTALL} -m 644'
INSTALL_PROGRAM='${INSTALL}'
INSTALL_SCRIPT='${INSTALL}'
INSTALL_STRIP_PROGRAM='${SHELL} $(install_sh) -c -s'
LDFLAGS=''
LIBEXT='a'
LIBOBJS=''
LIBS=''
LIBTOOL='$(SHELL) $(top_builddir)/../../libtool'
LIBTOOLM4=''
LN_S='ln -s'
LTLIBOBJS=''
LT_LDFLAGS='-no-undefined -version-info 7:0:6'
MAINT='#'
MAINTAINER_MODE_FALSE=''
MAINTAINER_MODE_TRUE='#'
MAKEINFO='${SHELL} /Users/iglopezfrancos/Documents/PROJECTS/Udacity_SDE/CarND-MPC-Project/Ipopt-3.12.7/ThirdParty/Mumps/missing --run makeinfo'
METIS_CFLAGS=''
METIS_CFLAGS_INSTALLED=''
METIS_DATA=''
METIS_DATA_INSTALLED=''
METIS_DEPENDENCIES=''
METIS_LIBS=''
METIS_LIBS_INSTALLED=''
MPICC=''
MPIF77=''
MUMPSDIR='MUMPS'
MUMPSOBJDIR='/Users/iglopezfrancos/Documents/PROJECTS/Udacity_SDE/CarND-MPC-Project/Ipopt-3.12.7/ThirdParty/Mumps'
MUMPSSRCDIR='/Users/iglopezfrancos/Documents/PROJECTS/Udacity_SDE/CarND-MPC-Project/Ipopt-3.12.7/ThirdParty/Mumps//MUMPS'
MUMPS_CFLAGS=''
MUMPS_CFLAGS_INSTALLED=''
MUMPS_DEPENDENCIES=''
MUMPS_LIBS='/usr/local/lib/libcoinblas.a -lgfortran  -L/usr/local/Cellar/gcc/4.9.2_1/lib/gcc/4.9/gcc/x86_64-apple-darwin14.0.0/4.9.2 -L/usr/local/Cellar/gcc/4.9.2_1/lib/gcc/4.9/gcc/x86_64-apple-darwin14.0.0/4.9.2/../../.. -lgfortran -lSystem -lquadmath -lm  -L/usr/local/Cellar/gcc/4.9.2_1/lib/gcc/4.9/gcc/x86_64-apple-darwin14.0.0/4.9.2 -L/usr/local/Cellar/gcc/4.9.2_1/lib/gcc/4.9/gcc/x86_64-apple-darwin14.0.0/4.9.2/../../.. -lgfortran -lSystem -lquadmath -lm '
MUMPS_LIBS_INSTALLED='/usr/local/lib/libcoinblas.a -lgfortran  -L/usr/local/Cellar/gcc/4.9.2_1/lib/gcc/4.9/gcc/x86_64-apple-darwin14.0.0/4.9.2 -L/usr/local/Cellar/gcc/4.9.2_1/lib/gcc/4.9/gcc/x86_64-apple-darwin14.0.0/4.9.2/../../.. -lgfortran -lSystem -lquadmath -lm  -L/usr/local/Cellar/gcc/4.9.2_1/lib/gcc/4.9/gcc/x86_64-apple-darwin14.0.0/4.9.2 -L/usr/local/Cellar/gcc/4.9.2_1/lib/gcc/4.9/gcc/x86_64-apple-darwin14.0.0/4.9.2/../../.. -lgfortran -lSystem -lquadmath -lm '
MUMPS_PCLIBS='/usr/local/lib/libcoinblas.a -lgfortran  -L/usr/local/Cellar/gcc/4.9.2_1/lib/gcc/4.9/gcc/x86_64-apple-darwin14.0.0/4.9.2 -L/usr/local/Cellar/gcc/4.9.2_1/lib/gcc/4.9/gcc/x86_64-apple-darwin14.0.0/4.9.2/../../.. -lgfortran -lSystem -lquadmath -lm  -L/usr/local/Cellar/gcc/4.9.2_1/lib/gcc/4.9/gcc/x86_64-apple-darwin14.0.0/4.9.2 -L/usr/local/Cellar/gcc/4.9.2_1/lib/gcc/4.9/gcc/x86_64-apple-darwin14.0.0/4.9.2/../../.. -lgfortran -lSystem -lquadmath -lm  -L/usr/local/Cellar/gcc/4.9.2_1/lib/gcc/4.9/gcc/x86_64-apple-darwin14.0.0/4.9.2 -L/usr/local/Cellar/gcc/4.9.2_1/lib/gcc/4.9/gcc/x86_64-apple-darwin14.0.0/4.9.2/../../.. -lgfortran -lSystem -lquadmath -lm'
MUMPS_PCREQUIRES=''
MUMPS_SVN_REV=''
MY_DEFS='-DAdd_ -DWITHOUT_PTHREAD=1 -DALLOW_NON_INIT -DMUMPS_ARITH=MUMPS_ARITH_d'
MY_FDEFS=''
OBJEXT='o'
OPT_CFLAGS='-O3 -pipe -DNDEBUG   '
OPT_FFLAGS='-O3 -pipe  '
PACKAGE='thirdpartymumps'
PACKAGE_BUGREPORT='http://projects.coin-or.org/BuildTools/newticket'
PACKAGE_NAME='ThirdPartyMumps'
PACKAGE_STRING='ThirdPartyMumps 1.6.0'
PACKAGE_TARNAME='thirdpartymumps'
PACKAGE_VERSION='1.6.0'
PATH_SEPARATOR=':'
PKG_CONFIG='pkg-config'
RANLIB='ranlib'
RPATH_FLAGS=''
SET_MAKE=''
SHELL='/bin/sh'
STRIP='strip'
VERSION='1.6.0'
VPATH_DISTCLEANFILES=''
abs_bin_dir='/usr/local/bin'
abs_include_dir='/usr/local/include'
abs_lib_dir='/usr/local/lib'
abs_source_dir='/Users/iglopezfrancos/Documents/PROJECTS/Udacity_SDE/CarND-MPC-Project/Ipopt-3.12.7/ThirdParty/Mumps'
ac_c_preproc_warn_flag=''
ac_ct_AR='ar'
ac_ct_CC='clang'
ac_ct_CXX=''
ac_ct_F77='gfortran'
ac_ct_PKG_CONFIG='pkg-config'
ac_ct_RANLIB='ranlib'
ac_ct_STRIP='strip'
ac_cxx_preproc_warn_flag=''
am__fastdepCC_FALSE='#'
am__fastdepCC_TRUE=''
am__fastdepCXX_FALSE='#'
am__fastdepCXX_TRUE=''
am__include='include'
am__leading_dot='.'
am__quote=''
am__tar='${AMTAR} chof - "$$tardir"'
am__untar='${AMTAR} xf -'
bindir='${exec_prefix}/bin'
build='i386-apple-darwin16.7.0'
build_alias=''
build_cpu='i386'
build_os='darwin16.7.0'
build_vendor='apple'
datadir='${prefix}/share'
exec_prefix='${prefix}'
have_autoconf=''
have_automake=''
have_svn=''
have_svnversion='yes'
host='i386-apple-darwin16.7.0'
host_alias=''
host_cpu='i386'
host_os='darwin16.7.0'
host_vendor='apple'
includedir='${prefix}/include'
infodir='${prefix}/info'
install_sh='/Users/iglopezfrancos/Documents/PROJECTS/Udacity_SDE/CarND-MPC-Project/Ipopt-3.12.7/ThirdParty/Mumps/install-sh'
libdir='${exec_prefix}/lib'
libexecdir='${exec_prefix}/libexec'
localstatedir='${prefix}/var'
mandir='${prefix}/man'
mkdir_p='$(install_sh) -d'
oldincludedir='/usr/include'
prefix='/usr/local'
program_transform_name='s,x,x,'
sbindir='${exec_prefix}/sbin'
sharedstatedir='${prefix}/com'
sol_cc_compiler=''
sysconfdir='${prefix}/etc'
target_alias=''

## ----------- ##
## confdefs.h. ##
## ----------- ##

#define COIN_HAS_BLAS 1
#define COIN_MUMPS_CHECKLEVEL 0
#define COIN_MUMPS_VERBOSITY 0
#define F77_FUNC(name,NAME) name ## _
#define F77_FUNC_(name,NAME) name ## _
#define HAVE_DLFCN_H 1
#define HAVE_INTTYPES_H 1
#define HAVE_MEMORY_H 1
#define HAVE_STDINT_H 1
#define HAVE_STDLIB_H 1
#define HAVE_STRINGS_H 1
#define HAVE_STRING_H 1
#define HAVE_SYS_STAT_H 1
#define HAVE_SYS_TYPES_H 1
#define HAVE_UNISTD_H 1
#define MUMPS_VERSION "1.6.0"
#define MUMPS_VERSION_MAJOR 1
#define MUMPS_VERSION_MINOR 6
#define MUMPS_VERSION_RELEASE 0
#define PACKAGE "thirdpartymumps"
#define PACKAGE_BUGREPORT "http://projects.coin-or.org/BuildTools/newticket"
#define PACKAGE_NAME "ThirdPartyMumps"
#define PACKAGE_STRING "ThirdPartyMumps 1.6.0"
#define PACKAGE_TARNAME "thirdpartymumps"
#define PACKAGE_VERSION "1.6.0"
#define STDC_HEADERS 1
#define VERSION "1.6.0"

configure: exit 0
