This file contains any messages produced by compilers while
running configure, to aid debugging if configure makes a mistake.

It was created by Ipopt configure 3.12.7, which was
generated by GNU Autoconf 2.59.  Invocation command line was

  $ ./configure --prefix=/usr/local --prefix=/usr/local coin_skip_warn_cxxflags=yes --with-blas=/usr/local/lib/libcoinblas.a -lgfortran --with-lapack=/usr/local/lib/libcoinlapack.a --cache-file=/dev/null --srcdir=.

## --------- ##
## Platform. ##
## --------- ##

hostname = Ignacios-MBP
uname -m = x86_64
uname -r = 16.7.0
uname -s = Darwin
uname -v = Darwin Kernel Version 16.7.0: Thu Jun 21 20:07:39 PDT 2018; root:xnu-3789.73.14~1/RELEASE_X86_64

/usr/bin/uname -p = i386
/bin/uname -X     = unknown

/bin/arch              = unknown
/usr/bin/arch -k       = unknown
/usr/convex/getsysinfo = unknown
hostinfo               = Mach kernel version:
	 Darwin Kernel Version 16.7.0: Thu Jun 21 20:07:39 PDT 2018; root:xnu-3789.73.14~1/RELEASE_X86_64
Kernel configured for up to 4 processors.
2 processors are physically available.
4 processors are logically available.
Processor type: i486 (Intel 80486)
Processors active: 0 1 2 3
Primary memory available: 8.00 gigabytes
Default processor set: 344 tasks, 2310 threads, 4 processors
Load average: 2.49, Mach factor: 1.57
/bin/machine           = unknown
/usr/bin/oslevel       = unknown
/bin/universe          = unknown

PATH: /Users/iglopezfrancos/Downloads/google-cloud-sdk/bin
PATH: /Applications/domino
PATH: /Users/iglopezfrancos/anaconda/bin
PATH: /usr/local/bin
PATH: /usr/bin
PATH: /bin
PATH: /usr/sbin
PATH: /sbin
PATH: /opt/X11/bin
PATH: /Applications/domino
PATH: /usr/local/share/dotnet
PATH: ~/.dotnet/tools
PATH: /usr/local/git/bin
PATH: /Library/Frameworks/Mono.framework/Versions/Current/Commands
PATH: /usr/texbin
PATH: /Applications/Wireshark.app/Contents/MacOS
PATH: /Applications/Xamarin Workbooks.app/Contents/SharedSupport/path-bin
PATH: /Users/iglopezfrancos/Downloads/google-cloud-sdk/bin
PATH: /Users/iglopezfrancos/.sdkman/candidates/gradle/current/bin
PATH: /Users/iglopezfrancos/anaconda/bin


## ----------- ##
## Core tests. ##
## ----------- ##

configure:1715: checking build system type
configure:1733: result: i386-apple-darwin16.7.0
configure:1806: checking for svnversion
configure:1822: found /usr/bin/svnversion
configure:1833: result: yes
configure:1863: checking whether we want to compile in debug mode
configure:1909: result: no
configure:1966: checking for egrep
configure:1976: result: grep -E
configure:1981: checking whether ln -s works
configure:1985: result: yes
configure:2201: checking for clang
configure:2217: found /usr/bin/clang
configure:2227: result: clang
configure:2248: checking for C compiler version
configure:2251: clang --version </dev/null >&5
Apple LLVM version 9.0.0 (clang-900.0.39.2)
Target: x86_64-apple-darwin16.7.0
Thread model: posix
InstalledDir: /Applications/Xcode.app/Contents/Developer/Toolchains/XcodeDefault.xctoolchain/usr/bin
configure:2254: $? = 0
configure:2256: clang -v </dev/null >&5
Apple LLVM version 9.0.0 (clang-900.0.39.2)
Target: x86_64-apple-darwin16.7.0
Thread model: posix
InstalledDir: /Applications/Xcode.app/Contents/Developer/Toolchains/XcodeDefault.xctoolchain/usr/bin
Found CUDA installation: /usr/local/cuda, version 7.5
configure:2259: $? = 0
configure:2261: clang -V </dev/null >&5
clang: error: argument to '-V' is missing (expected 1 value)
clang: error: no input files
configure:2264: $? = 1
configure:2287: checking for C compiler default output file name
configure:2290: clang    conftest.c  >&5
configure:2293: $? = 0
configure:2339: result: a.out
configure:2344: checking whether the C compiler works
configure:2350: ./a.out
configure:2353: $? = 0
configure:2370: result: yes
configure:2377: checking whether we are cross compiling
configure:2379: result: no
configure:2382: checking for suffix of executables
configure:2384: clang -o conftest    conftest.c  >&5
configure:2387: $? = 0
configure:2412: result: 
configure:2418: checking for suffix of object files
configure:2439: clang -c   conftest.c >&5
configure:2442: $? = 0
configure:2464: result: o
configure:2468: checking whether we are using the GNU C compiler
configure:2492: clang -c   conftest.c >&5
configure:2498: $? = 0
configure:2502: test -z 
			 || test ! -s conftest.err
configure:2505: $? = 0
configure:2508: test -s conftest.o
configure:2511: $? = 0
configure:2524: result: yes
configure:2530: checking whether clang accepts -g
configure:2551: clang -c -g  conftest.c >&5
configure:2557: $? = 0
configure:2561: test -z 
			 || test ! -s conftest.err
configure:2564: $? = 0
configure:2567: test -s conftest.o
configure:2570: $? = 0
configure:2581: result: yes
configure:2598: checking for clang option to accept ANSI C
configure:2668: clang  -c -g -O2  conftest.c >&5
configure:2674: $? = 0
configure:2678: test -z 
			 || test ! -s conftest.err
configure:2681: $? = 0
configure:2684: test -s conftest.o
configure:2687: $? = 0
configure:2705: result: none needed
configure:2723: clang -c -g -O2  conftest.c >&5
conftest.c:2:3: error: unknown type name 'choke'
  choke me
  ^
conftest.c:2:11: error: expected ';' after top level declarator
  choke me
          ^
          ;
2 errors generated.
configure:2729: $? = 1
configure: failed program was:
| #ifndef __cplusplus
|   choke me
| #endif
configure:3150: clang -o conftest -O3 -pipe -DNDEBUG -Wimplicit -Wparentheses -Wsequence-point -Wreturn-type -Wcast-qual -Wall -Wno-unknown-pragmas -Wno-long-long   -DIPOPT_BUILD   conftest.c  >&5
configure:3156: $? = 0
configure:3160: test -z 
			 || test ! -s conftest.err
configure:3163: $? = 0
configure:3166: test -s conftest
configure:3169: $? = 0
configure:3236: C compiler options are: -O3 -pipe -DNDEBUG -Wimplicit -Wparentheses -Wsequence-point -Wreturn-type -Wcast-qual -Wall -Wno-unknown-pragmas -Wno-long-long   -DIPOPT_BUILD
configure:3353: checking for clang++
configure:3369: found /usr/bin/clang++
configure:3379: result: clang++
configure:3395: checking for C++ compiler version
configure:3398: clang++ --version </dev/null >&5
Apple LLVM version 9.0.0 (clang-900.0.39.2)
Target: x86_64-apple-darwin16.7.0
Thread model: posix
InstalledDir: /Applications/Xcode.app/Contents/Developer/Toolchains/XcodeDefault.xctoolchain/usr/bin
configure:3401: $? = 0
configure:3403: clang++ -v </dev/null >&5
Apple LLVM version 9.0.0 (clang-900.0.39.2)
Target: x86_64-apple-darwin16.7.0
Thread model: posix
InstalledDir: /Applications/Xcode.app/Contents/Developer/Toolchains/XcodeDefault.xctoolchain/usr/bin
Found CUDA installation: /usr/local/cuda, version 7.5
configure:3406: $? = 0
configure:3408: clang++ -V </dev/null >&5
clang: error: argument to '-V' is missing (expected 1 value)
clang: error: no input files
configure:3411: $? = 1
configure:3414: checking whether we are using the GNU C++ compiler
configure:3438: clang++ -c   conftest.cc >&5
configure:3444: $? = 0
configure:3448: test -z 
			 || test ! -s conftest.err
configure:3451: $? = 0
configure:3454: test -s conftest.o
configure:3457: $? = 0
configure:3470: result: yes
configure:3476: checking whether clang++ accepts -g
configure:3497: clang++ -c -g  conftest.cc >&5
configure:3503: $? = 0
configure:3507: test -z 
			 || test ! -s conftest.err
configure:3510: $? = 0
configure:3513: test -s conftest.o
configure:3516: $? = 0
configure:3527: result: yes
configure:3569: clang++ -c -g -O2  conftest.cc >&5
configure:3575: $? = 0
configure:3579: test -z 
			 || test ! -s conftest.err
configure:3582: $? = 0
configure:3585: test -s conftest.o
configure:3588: $? = 0
configure:3614: clang++ -c -g -O2  conftest.cc >&5
conftest.cc:19:1: error: use of undeclared identifier 'exit'
exit (42);
^
1 error generated.
configure:3620: $? = 1
configure: failed program was:
| /* confdefs.h.  */
| 
| #define PACKAGE_NAME "Ipopt"
| #define PACKAGE_TARNAME "ipopt"
| #define PACKAGE_VERSION "3.12.7"
| #define PACKAGE_STRING "Ipopt 3.12.7"
| #define PACKAGE_BUGREPORT "http://projects.coin-or.org/Ipopt/newticket"
| #define IPOPT_VERSION "3.12.7"
| #define IPOPT_VERSION_MAJOR 3
| #define IPOPT_VERSION_MINOR 12
| #define IPOPT_VERSION_RELEASE 7
| #define COIN_IPOPT_VERBOSITY 0
| #define COIN_IPOPT_CHECKLEVEL 0
| /* end confdefs.h.  */
| 
| int
| main ()
| {
| exit (42);
|   ;
|   return 0;
| }
configure:3569: clang++ -c -g -O2  conftest.cc >&5
conftest.cc:15:17: error: use of undeclared identifier 'std'
extern "C" void std::exit (int) throw (); using std::exit;
                ^
conftest.cc:15:49: error: use of undeclared identifier 'std'
extern "C" void std::exit (int) throw (); using std::exit;
                                                ^
2 errors generated.
configure:3575: $? = 1
configure: failed program was:
| /* confdefs.h.  */
| 
| #define PACKAGE_NAME "Ipopt"
| #define PACKAGE_TARNAME "ipopt"
| #define PACKAGE_VERSION "3.12.7"
| #define PACKAGE_STRING "Ipopt 3.12.7"
| #define PACKAGE_BUGREPORT "http://projects.coin-or.org/Ipopt/newticket"
| #define IPOPT_VERSION "3.12.7"
| #define IPOPT_VERSION_MAJOR 3
| #define IPOPT_VERSION_MINOR 12
| #define IPOPT_VERSION_RELEASE 7
| #define COIN_IPOPT_VERBOSITY 0
| #define COIN_IPOPT_CHECKLEVEL 0
| /* end confdefs.h.  */
| extern "C" void std::exit (int) throw (); using std::exit;
| #include <stdlib.h>
| int
| main ()
| {
| exit (42);
|   ;
|   return 0;
| }
configure:3569: clang++ -c -g -O2  conftest.cc >&5
conftest.cc:15:17: error: use of undeclared identifier 'std'
extern "C" void std::exit (int); using std::exit;
                ^
conftest.cc:15:40: error: use of undeclared identifier 'std'
extern "C" void std::exit (int); using std::exit;
                                       ^
2 errors generated.
configure:3575: $? = 1
configure: failed program was:
| /* confdefs.h.  */
| 
| #define PACKAGE_NAME "Ipopt"
| #define PACKAGE_TARNAME "ipopt"
| #define PACKAGE_VERSION "3.12.7"
| #define PACKAGE_STRING "Ipopt 3.12.7"
| #define PACKAGE_BUGREPORT "http://projects.coin-or.org/Ipopt/newticket"
| #define IPOPT_VERSION "3.12.7"
| #define IPOPT_VERSION_MAJOR 3
| #define IPOPT_VERSION_MINOR 12
| #define IPOPT_VERSION_RELEASE 7
| #define COIN_IPOPT_VERBOSITY 0
| #define COIN_IPOPT_CHECKLEVEL 0
| /* end confdefs.h.  */
| extern "C" void std::exit (int); using std::exit;
| #include <stdlib.h>
| int
| main ()
| {
| exit (42);
|   ;
|   return 0;
| }
configure:3569: clang++ -c -g -O2  conftest.cc >&5
In file included from conftest.cc:16:
In file included from /Applications/Xcode.app/Contents/Developer/Toolchains/XcodeDefault.xctoolchain/usr/include/c++/v1/stdlib.h:94:
/usr/include/stdlib.h:142:7: error: 'exit' is missing exception specification 'throw()'
void     exit(int) __dead2;
         ^
conftest.cc:15:17: note: previous declaration is here
extern "C" void exit (int) throw ();
                ^
1 error generated.
configure:3575: $? = 1
configure: failed program was:
| /* confdefs.h.  */
| 
| #define PACKAGE_NAME "Ipopt"
| #define PACKAGE_TARNAME "ipopt"
| #define PACKAGE_VERSION "3.12.7"
| #define PACKAGE_STRING "Ipopt 3.12.7"
| #define PACKAGE_BUGREPORT "http://projects.coin-or.org/Ipopt/newticket"
| #define IPOPT_VERSION "3.12.7"
| #define IPOPT_VERSION_MAJOR 3
| #define IPOPT_VERSION_MINOR 12
| #define IPOPT_VERSION_RELEASE 7
| #define COIN_IPOPT_VERBOSITY 0
| #define COIN_IPOPT_CHECKLEVEL 0
| /* end confdefs.h.  */
| extern "C" void exit (int) throw ();
| #include <stdlib.h>
| int
| main ()
| {
| exit (42);
|   ;
|   return 0;
| }
configure:3569: clang++ -c -g -O2  conftest.cc >&5
configure:3575: $? = 0
configure:3579: test -z 
			 || test ! -s conftest.err
configure:3582: $? = 0
configure:3585: test -s conftest.o
configure:3588: $? = 0
configure:3614: clang++ -c -g -O2  conftest.cc >&5
configure:3620: $? = 0
configure:3624: test -z 
			 || test ! -s conftest.err
configure:3627: $? = 0
configure:3630: test -s conftest.o
configure:3633: $? = 0
configure:3665: checking whether C++ compiler clang++ works
configure:3683: clang++ -c -g -O2  conftest.cc >&5
configure:3689: $? = 0
configure:3693: test -z 
			 || test ! -s conftest.err
configure:3696: $? = 0
configure:3699: test -s conftest.o
configure:3702: $? = 0
configure:3704: result: yes
configure:4025: clang++ -o conftest -O3 -pipe -DNDEBUG    -DIPOPT_BUILD   conftest.cc  >&5
configure:4031: $? = 0
configure:4035: test -z 
			 || test ! -s conftest.err
configure:4038: $? = 0
configure:4041: test -s conftest
configure:4044: $? = 0
configure:4111: C++ compiler options are: -O3 -pipe -DNDEBUG    -DIPOPT_BUILD
configure:4176: clang++ -c -O3 -pipe -DNDEBUG    -DIPOPT_BUILD  conftest.cc >&5
configure:4182: $? = 0
configure:4186: test -z 
			 || test ! -s conftest.err
configure:4189: $? = 0
configure:4192: test -s conftest.o
configure:4195: $? = 0
configure:4239: Assuming that CXXLIBS is "-lc++".
configure:4298: Trying to determine Fortran compiler name
configure:4347: checking for xlf_r
configure:4376: result: no
configure:4347: checking for fort77
configure:4376: result: no
configure:4347: checking for gfortran
configure:4363: found /usr/local/bin/gfortran
configure:4373: result: gfortran
configure:4481: checking for Fortran 77 compiler version
configure:4484: gfortran --version </dev/null >&5
GNU Fortran (Homebrew gcc 4.9.2_1) 4.9.2
Copyright (C) 2014 Free Software Foundation, Inc.

GNU Fortran comes with NO WARRANTY, to the extent permitted by law.
You may redistribute copies of GNU Fortran
under the terms of the GNU General Public License.
For more information about these matters, see the file named COPYING

configure:4487: $? = 0
configure:4489: gfortran -v </dev/null >&5
Using built-in specs.
COLLECT_GCC=gfortran
COLLECT_LTO_WRAPPER=/usr/local/Cellar/gcc/4.9.2_1/libexec/gcc/x86_64-apple-darwin14.0.0/4.9.2/lto-wrapper
Target: x86_64-apple-darwin14.0.0
Configured with: ../configure --build=x86_64-apple-darwin14.0.0 --prefix=/usr/local/Cellar/gcc/4.9.2_1 --libdir=/usr/local/Cellar/gcc/4.9.2_1/lib/gcc/4.9 --enable-languages=c,c++,objc,obj-c++,fortran --program-suffix=-4.9 --with-gmp=/usr/local/opt/gmp --with-mpfr=/usr/local/opt/mpfr --with-mpc=/usr/local/opt/libmpc --with-cloog=/usr/local/opt/cloog --with-isl=/usr/local/opt/isl --with-system-zlib --enable-libstdcxx-time=yes --enable-stage1-checking --enable-checking=release --enable-lto --disable-werror --with-pkgversion='Homebrew gcc 4.9.2_1' --with-bugurl=https://github.com/Homebrew/homebrew/issues --enable-plugin --disable-nls --enable-multilib --with-native-system-header-dir=/usr/include --with-sysroot=/Applications/Xcode.app/Contents/Developer/Platforms/MacOSX.platform/Developer/SDKs/MacOSX10.10.sdk
Thread model: posix
gcc version 4.9.2 (Homebrew gcc 4.9.2_1) 
configure:4492: $? = 0
configure:4494: gfortran -V </dev/null >&5
gfortran: error: unrecognized command line option '-V'
gfortran: fatal error: no input files
compilation terminated.
configure:4497: $? = 1
configure:4505: checking whether we are using the GNU Fortran 77 compiler
configure:4519: gfortran -c  conftest.F >&5
configure:4525: $? = 0
configure:4529: test -z 
			 || test ! -s conftest.err
configure:4532: $? = 0
configure:4535: test -s conftest.o
configure:4538: $? = 0
configure:4551: result: yes
configure:4557: checking whether gfortran accepts -g
configure:4569: gfortran -c -g conftest.f >&5
configure:4575: $? = 0
configure:4579: test -z 
			 || test ! -s conftest.err
configure:4582: $? = 0
configure:4585: test -s conftest.o
configure:4588: $? = 0
configure:4600: result: yes
configure:4835: gfortran -o conftest -O3 -pipe    conftest.f  >&5
ld: library not found for -lSystem
collect2: error: ld returned 1 exit status
configure:4841: $? = 1
configure: failed program was:
|       program main
|       integer i
|       end
configure:4866: WARNING: The flags FFLAGS="" do not work.  I will now just try '-O', but you might want to set FFLAGS manually.
configure:4875: gfortran -o conftest -O  conftest.f  >&5
ld: library not found for -lSystem
collect2: error: ld returned 1 exit status
configure:4881: $? = 1
configure: failed program was:
|       program main
|       integer i
|       end
configure:4906: WARNING: This value for FFLAGS does not work.  I will continue with empty FFLAGS, but you might want to set FFLAGS manually.
configure:4912: Fortran compiler options are: 
configure:4959: checking how to get verbose linking output from gfortran
configure:4970: gfortran -c  conftest.f >&5
configure:4976: $? = 0
configure:4980: test -z 
			 || test ! -s conftest.err
configure:4983: $? = 0
configure:4986: test -s conftest.o
configure:4989: $? = 0
configure:5006: gfortran -o conftest  -v  conftest.f  >&5
Using built-in specs.
COLLECT_GCC=gfortran
COLLECT_LTO_WRAPPER=/usr/local/Cellar/gcc/4.9.2_1/libexec/gcc/x86_64-apple-darwin14.0.0/4.9.2/lto-wrapper
Target: x86_64-apple-darwin14.0.0
Configured with: ../configure --build=x86_64-apple-darwin14.0.0 --prefix=/usr/local/Cellar/gcc/4.9.2_1 --libdir=/usr/local/Cellar/gcc/4.9.2_1/lib/gcc/4.9 --enable-languages=c,c++,objc,obj-c++,fortran --program-suffix=-4.9 --with-gmp=/usr/local/opt/gmp --with-mpfr=/usr/local/opt/mpfr --with-mpc=/usr/local/opt/libmpc --with-cloog=/usr/local/opt/cloog --with-isl=/usr/local/opt/isl --with-system-zlib --enable-libstdcxx-time=yes --enable-stage1-checking --enable-checking=release --enable-lto --disable-werror --with-pkgversion='Homebrew gcc 4.9.2_1' --with-bugurl=https://github.com/Homebrew/homebrew/issues --enable-plugin --disable-nls --enable-multilib --with-native-system-header-dir=/usr/include --with-sysroot=/Applications/Xcode.app/Contents/Developer/Platforms/MacOSX.platform/Developer/SDKs/MacOSX10.10.sdk
Thread model: posix
gcc version 4.9.2 (Homebrew gcc 4.9.2_1) 
COLLECT_GCC_OPTIONS='-mmacosx-version-min=10.12.7' '-o' 'conftest' '-v' '-shared-libgcc' '-mtune=core2'
 /usr/local/Cellar/gcc/4.9.2_1/libexec/gcc/x86_64-apple-darwin14.0.0/4.9.2/f951 conftest.f -ffixed-form -fPIC -quiet -dumpbase conftest.f -mmacosx-version-min=10.12.7 -mtune=core2 -auxbase conftest -version -fintrinsic-modules-path /usr/local/Cellar/gcc/4.9.2_1/lib/gcc/4.9/gcc/x86_64-apple-darwin14.0.0/4.9.2/finclude -o /var/tmp//ccBMp3Iq.s
GNU Fortran (Homebrew gcc 4.9.2_1) version 4.9.2 (x86_64-apple-darwin14.0.0)
	compiled by GNU C version 4.9.2, GMP version 6.0.0, MPFR version 3.1.2-p10, MPC version 1.0.2
GGC heuristics: --param ggc-min-expand=100 --param ggc-min-heapsize=131072
GNU Fortran (Homebrew gcc 4.9.2_1) version 4.9.2 (x86_64-apple-darwin14.0.0)
	compiled by GNU C version 4.9.2, GMP version 6.0.0, MPFR version 3.1.2-p10, MPC version 1.0.2
GGC heuristics: --param ggc-min-expand=100 --param ggc-min-heapsize=131072
COLLECT_GCC_OPTIONS='-mmacosx-version-min=10.12.7' '-o' 'conftest' '-v' '-shared-libgcc' '-mtune=core2'
 as -arch x86_64 -force_cpusubtype_ALL -o /var/tmp//ccQrGfXE.o /var/tmp//ccBMp3Iq.s
Reading specs from /usr/local/Cellar/gcc/4.9.2_1/lib/gcc/4.9/gcc/x86_64-apple-darwin14.0.0/4.9.2/../../../libgfortran.spec
rename spec lib to liborig
COLLECT_GCC_OPTIONS='-mmacosx-version-min=10.12.7' '-o' 'conftest' '-v' '-shared-libgcc' '-mtune=core2'
COMPILER_PATH=/usr/local/Cellar/gcc/4.9.2_1/libexec/gcc/x86_64-apple-darwin14.0.0/4.9.2/:/usr/local/Cellar/gcc/4.9.2_1/libexec/gcc/x86_64-apple-darwin14.0.0/4.9.2/:/usr/local/Cellar/gcc/4.9.2_1/libexec/gcc/x86_64-apple-darwin14.0.0/:/usr/local/Cellar/gcc/4.9.2_1/lib/gcc/4.9/gcc/x86_64-apple-darwin14.0.0/4.9.2/:/usr/local/Cellar/gcc/4.9.2_1/lib/gcc/4.9/gcc/x86_64-apple-darwin14.0.0/
LIBRARY_PATH=/usr/local/Cellar/gcc/4.9.2_1/lib/gcc/4.9/gcc/x86_64-apple-darwin14.0.0/4.9.2/:/usr/local/Cellar/gcc/4.9.2_1/lib/gcc/4.9/gcc/x86_64-apple-darwin14.0.0/4.9.2/../../../
COLLECT_GCC_OPTIONS='-mmacosx-version-min=10.12.7' '-o' 'conftest' '-v' '-shared-libgcc' '-mtune=core2'
 /usr/local/Cellar/gcc/4.9.2_1/libexec/gcc/x86_64-apple-darwin14.0.0/4.9.2/collect2 -dynamic -arch x86_64 -macosx_version_min 10.12.7 -syslibroot /Applications/Xcode.app/Contents/Developer/Platforms/MacOSX.platform/Developer/SDKs/MacOSX10.10.sdk -weak_reference_mismatches non-weak -o conftest -L/usr/local/Cellar/gcc/4.9.2_1/lib/gcc/4.9/gcc/x86_64-apple-darwin14.0.0/4.9.2 -L/usr/local/Cellar/gcc/4.9.2_1/lib/gcc/4.9/gcc/x86_64-apple-darwin14.0.0/4.9.2/../../.. /var/tmp//ccQrGfXE.o -lgfortran -no_compact_unwind -lSystem -lgcc_ext.10.5 -lgcc -lquadmath -lm -lgcc_ext.10.5 -lgcc -lSystem -v
collect2 version 4.9.2
/usr/bin/ld -dynamic -arch x86_64 -macosx_version_min 10.12.7 -syslibroot /Applications/Xcode.app/Contents/Developer/Platforms/MacOSX.platform/Developer/SDKs/MacOSX10.10.sdk -weak_reference_mismatches non-weak -o conftest -L/usr/local/Cellar/gcc/4.9.2_1/lib/gcc/4.9/gcc/x86_64-apple-darwin14.0.0/4.9.2 -L/usr/local/Cellar/gcc/4.9.2_1/lib/gcc/4.9/gcc/x86_64-apple-darwin14.0.0/4.9.2/../../.. /var/tmp//ccQrGfXE.o -lgfortran -no_compact_unwind -lSystem -lgcc_ext.10.5 -lgcc -lquadmath -lm -lgcc_ext.10.5 -lgcc -lSystem -v
@(#)PROGRAM:ld  PROJECT:ld64-305
configured to support archs: armv6 armv7 armv7s arm64 i386 x86_64 x86_64h armv6m armv7k armv7m armv7em (tvOS)
Library search paths:
	/usr/local/Cellar/gcc/4.9.2_1/lib/gcc/4.9/gcc/x86_64-apple-darwin14.0.0/4.9.2
	/usr/local/Cellar/gcc/4.9.2_1/lib/gcc/4.9
Framework search paths:
ld: library not found for -lSystem
collect2: error: ld returned 1 exit status
configure:5061: result: -v
configure:5063: checking for Fortran libraries of gfortran
configure:5084: gfortran -o conftest  -v  conftest.f  >&5
Using built-in specs.
COLLECT_GCC=gfortran
COLLECT_LTO_WRAPPER=/usr/local/Cellar/gcc/4.9.2_1/libexec/gcc/x86_64-apple-darwin14.0.0/4.9.2/lto-wrapper
Target: x86_64-apple-darwin14.0.0
Configured with: ../configure --build=x86_64-apple-darwin14.0.0 --prefix=/usr/local/Cellar/gcc/4.9.2_1 --libdir=/usr/local/Cellar/gcc/4.9.2_1/lib/gcc/4.9 --enable-languages=c,c++,objc,obj-c++,fortran --program-suffix=-4.9 --with-gmp=/usr/local/opt/gmp --with-mpfr=/usr/local/opt/mpfr --with-mpc=/usr/local/opt/libmpc --with-cloog=/usr/local/opt/cloog --with-isl=/usr/local/opt/isl --with-system-zlib --enable-libstdcxx-time=yes --enable-stage1-checking --enable-checking=release --enable-lto --disable-werror --with-pkgversion='Homebrew gcc 4.9.2_1' --with-bugurl=https://github.com/Homebrew/homebrew/issues --enable-plugin --disable-nls --enable-multilib --with-native-system-header-dir=/usr/include --with-sysroot=/Applications/Xcode.app/Contents/Developer/Platforms/MacOSX.platform/Developer/SDKs/MacOSX10.10.sdk
Thread model: posix
gcc version 4.9.2 (Homebrew gcc 4.9.2_1) 
COLLECT_GCC_OPTIONS='-mmacosx-version-min=10.12.7' '-o' 'conftest' '-v' '-shared-libgcc' '-mtune=core2'
 /usr/local/Cellar/gcc/4.9.2_1/libexec/gcc/x86_64-apple-darwin14.0.0/4.9.2/f951 conftest.f -ffixed-form -fPIC -quiet -dumpbase conftest.f -mmacosx-version-min=10.12.7 -mtune=core2 -auxbase conftest -version -fintrinsic-modules-path /usr/local/Cellar/gcc/4.9.2_1/lib/gcc/4.9/gcc/x86_64-apple-darwin14.0.0/4.9.2/finclude -o /var/tmp//cc2bpHmq.s
GNU Fortran (Homebrew gcc 4.9.2_1) version 4.9.2 (x86_64-apple-darwin14.0.0)
	compiled by GNU C version 4.9.2, GMP version 6.0.0, MPFR version 3.1.2-p10, MPC version 1.0.2
GGC heuristics: --param ggc-min-expand=100 --param ggc-min-heapsize=131072
GNU Fortran (Homebrew gcc 4.9.2_1) version 4.9.2 (x86_64-apple-darwin14.0.0)
	compiled by GNU C version 4.9.2, GMP version 6.0.0, MPFR version 3.1.2-p10, MPC version 1.0.2
GGC heuristics: --param ggc-min-expand=100 --param ggc-min-heapsize=131072
COLLECT_GCC_OPTIONS='-mmacosx-version-min=10.12.7' '-o' 'conftest' '-v' '-shared-libgcc' '-mtune=core2'
 as -arch x86_64 -force_cpusubtype_ALL -o /var/tmp//cc4Co5QL.o /var/tmp//cc2bpHmq.s
Reading specs from /usr/local/Cellar/gcc/4.9.2_1/lib/gcc/4.9/gcc/x86_64-apple-darwin14.0.0/4.9.2/../../../libgfortran.spec
rename spec lib to liborig
COLLECT_GCC_OPTIONS='-mmacosx-version-min=10.12.7' '-o' 'conftest' '-v' '-shared-libgcc' '-mtune=core2'
COMPILER_PATH=/usr/local/Cellar/gcc/4.9.2_1/libexec/gcc/x86_64-apple-darwin14.0.0/4.9.2/:/usr/local/Cellar/gcc/4.9.2_1/libexec/gcc/x86_64-apple-darwin14.0.0/4.9.2/:/usr/local/Cellar/gcc/4.9.2_1/libexec/gcc/x86_64-apple-darwin14.0.0/:/usr/local/Cellar/gcc/4.9.2_1/lib/gcc/4.9/gcc/x86_64-apple-darwin14.0.0/4.9.2/:/usr/local/Cellar/gcc/4.9.2_1/lib/gcc/4.9/gcc/x86_64-apple-darwin14.0.0/
LIBRARY_PATH=/usr/local/Cellar/gcc/4.9.2_1/lib/gcc/4.9/gcc/x86_64-apple-darwin14.0.0/4.9.2/:/usr/local/Cellar/gcc/4.9.2_1/lib/gcc/4.9/gcc/x86_64-apple-darwin14.0.0/4.9.2/../../../
COLLECT_GCC_OPTIONS='-mmacosx-version-min=10.12.7' '-o' 'conftest' '-v' '-shared-libgcc' '-mtune=core2'
 /usr/local/Cellar/gcc/4.9.2_1/libexec/gcc/x86_64-apple-darwin14.0.0/4.9.2/collect2 -dynamic -arch x86_64 -macosx_version_min 10.12.7 -syslibroot /Applications/Xcode.app/Contents/Developer/Platforms/MacOSX.platform/Developer/SDKs/MacOSX10.10.sdk -weak_reference_mismatches non-weak -o conftest -L/usr/local/Cellar/gcc/4.9.2_1/lib/gcc/4.9/gcc/x86_64-apple-darwin14.0.0/4.9.2 -L/usr/local/Cellar/gcc/4.9.2_1/lib/gcc/4.9/gcc/x86_64-apple-darwin14.0.0/4.9.2/../../.. /var/tmp//cc4Co5QL.o -lgfortran -no_compact_unwind -lSystem -lgcc_ext.10.5 -lgcc -lquadmath -lm -lgcc_ext.10.5 -lgcc -lSystem -v
collect2 version 4.9.2
/usr/bin/ld -dynamic -arch x86_64 -macosx_version_min 10.12.7 -syslibroot /Applications/Xcode.app/Contents/Developer/Platforms/MacOSX.platform/Developer/SDKs/MacOSX10.10.sdk -weak_reference_mismatches non-weak -o conftest -L/usr/local/Cellar/gcc/4.9.2_1/lib/gcc/4.9/gcc/x86_64-apple-darwin14.0.0/4.9.2 -L/usr/local/Cellar/gcc/4.9.2_1/lib/gcc/4.9/gcc/x86_64-apple-darwin14.0.0/4.9.2/../../.. /var/tmp//cc4Co5QL.o -lgfortran -no_compact_unwind -lSystem -lgcc_ext.10.5 -lgcc -lquadmath -lm -lgcc_ext.10.5 -lgcc -lSystem -v
@(#)PROGRAM:ld  PROJECT:ld64-305
configured to support archs: armv6 armv7 armv7s arm64 i386 x86_64 x86_64h armv6m armv7k armv7m armv7em (tvOS)
Library search paths:
	/usr/local/Cellar/gcc/4.9.2_1/lib/gcc/4.9/gcc/x86_64-apple-darwin14.0.0/4.9.2
	/usr/local/Cellar/gcc/4.9.2_1/lib/gcc/4.9
Framework search paths:
ld: library not found for -lSystem
collect2: error: ld returned 1 exit status
configure:5245: result:  -L/usr/local/Cellar/gcc/4.9.2_1/lib/gcc/4.9/gcc/x86_64-apple-darwin14.0.0/4.9.2 -L/usr/local/Cellar/gcc/4.9.2_1/lib/gcc/4.9/gcc/x86_64-apple-darwin14.0.0/4.9.2/../../.. -lgfortran -lSystem -lgcc_ext.10.5 -lquadmath -lm
configure:5312: Corrected Fortran libraries:  -L/usr/local/Cellar/gcc/4.9.2_1/lib/gcc/4.9/gcc/x86_64-apple-darwin14.0.0/4.9.2 -L/usr/local/Cellar/gcc/4.9.2_1/lib/gcc/4.9/gcc/x86_64-apple-darwin14.0.0/4.9.2/../../.. -lgfortran -lSystem -lquadmath -lm
configure:5321: checking for dummy main to link with Fortran libraries
configure:5360: clang -o conftest -O3 -pipe -DNDEBUG -Wimplicit -Wparentheses -Wsequence-point -Wreturn-type -Wcast-qual -Wall -Wno-unknown-pragmas -Wno-long-long   -DIPOPT_BUILD   conftest.c   -L/usr/local/Cellar/gcc/4.9.2_1/lib/gcc/4.9/gcc/x86_64-apple-darwin14.0.0/4.9.2 -L/usr/local/Cellar/gcc/4.9.2_1/lib/gcc/4.9/gcc/x86_64-apple-darwin14.0.0/4.9.2/../../.. -lgfortran -lSystem -lquadmath -lm >&5
configure:5366: $? = 0
configure:5370: test -z 
			 || test ! -s conftest.err
configure:5373: $? = 0
configure:5376: test -s conftest
configure:5379: $? = 0
configure:5457: result: none
configure:5493: checking for Fortran name-mangling scheme
configure:5507: gfortran -c  conftest.f >&5
configure:5513: $? = 0
configure:5517: test -z 
			 || test ! -s conftest.err
configure:5520: $? = 0
configure:5523: test -s conftest.o
configure:5526: $? = 0
configure:5573: clang -o conftest -O3 -pipe -DNDEBUG -Wimplicit -Wparentheses -Wsequence-point -Wreturn-type -Wcast-qual -Wall -Wno-unknown-pragmas -Wno-long-long   -DIPOPT_BUILD   conftest.c cfortran_test.o   -L/usr/local/Cellar/gcc/4.9.2_1/lib/gcc/4.9/gcc/x86_64-apple-darwin14.0.0/4.9.2 -L/usr/local/Cellar/gcc/4.9.2_1/lib/gcc/4.9/gcc/x86_64-apple-darwin14.0.0/4.9.2/../../.. -lgfortran -lSystem -lquadmath -lm >&5
Undefined symbols for architecture x86_64:
  "_foobar", referenced from:
      _main in conftest-108aa9.o
     (maybe you meant: _foobar_)
ld: symbol(s) not found for architecture x86_64
clang: error: linker command failed with exit code 1 (use -v to see invocation)
configure:5579: $? = 1
configure: failed program was:
| /* confdefs.h.  */
| 
| #define PACKAGE_NAME "Ipopt"
| #define PACKAGE_TARNAME "ipopt"
| #define PACKAGE_VERSION "3.12.7"
| #define PACKAGE_STRING "Ipopt 3.12.7"
| #define PACKAGE_BUGREPORT "http://projects.coin-or.org/Ipopt/newticket"
| #define IPOPT_VERSION "3.12.7"
| #define IPOPT_VERSION_MAJOR 3
| #define IPOPT_VERSION_MINOR 12
| #define IPOPT_VERSION_RELEASE 7
| #define COIN_IPOPT_VERBOSITY 0
| #define COIN_IPOPT_CHECKLEVEL 0
| #ifdef __cplusplus
| extern "C" void exit (int);
| #endif
| /* end confdefs.h.  */
| 
| /* Override any gcc2 internal prototype to avoid an error.  */
| #ifdef __cplusplus
| extern "C"
| #endif
| /* We use char because int might match the return type of a gcc2
|    builtin and then its argument prototype would still apply.  */
| char foobar ();
| #ifdef F77_DUMMY_MAIN
| 
| #  ifdef __cplusplus
|      extern "C"
| #  endif
|    int F77_DUMMY_MAIN() { return 1; }
| 
| #endif
| int
| main ()
| {
| foobar ();
|   ;
|   return 0;
| }
configure:5573: clang -o conftest -O3 -pipe -DNDEBUG -Wimplicit -Wparentheses -Wsequence-point -Wreturn-type -Wcast-qual -Wall -Wno-unknown-pragmas -Wno-long-long   -DIPOPT_BUILD   conftest.c cfortran_test.o   -L/usr/local/Cellar/gcc/4.9.2_1/lib/gcc/4.9/gcc/x86_64-apple-darwin14.0.0/4.9.2 -L/usr/local/Cellar/gcc/4.9.2_1/lib/gcc/4.9/gcc/x86_64-apple-darwin14.0.0/4.9.2/../../.. -lgfortran -lSystem -lquadmath -lm >&5
configure:5579: $? = 0
configure:5583: test -z 
			 || test ! -s conftest.err
configure:5586: $? = 0
configure:5589: test -s conftest
configure:5592: $? = 0
configure:5660: clang -o conftest -O3 -pipe -DNDEBUG -Wimplicit -Wparentheses -Wsequence-point -Wreturn-type -Wcast-qual -Wall -Wno-unknown-pragmas -Wno-long-long   -DIPOPT_BUILD   conftest.c cfortran_test.o   -L/usr/local/Cellar/gcc/4.9.2_1/lib/gcc/4.9/gcc/x86_64-apple-darwin14.0.0/4.9.2 -L/usr/local/Cellar/gcc/4.9.2_1/lib/gcc/4.9/gcc/x86_64-apple-darwin14.0.0/4.9.2/../../.. -lgfortran -lSystem -lquadmath -lm >&5
configure:5666: $? = 0
configure:5670: test -z 
			 || test ! -s conftest.err
configure:5673: $? = 0
configure:5676: test -s conftest
configure:5679: $? = 0
configure:5729: result: lower case, underscore, no extra underscore
configure:5950: checking for a BSD-compatible install
configure:6005: result: /usr/bin/install -c
configure:6016: checking whether build environment is sane
configure:6059: result: yes
configure:6124: checking for gawk
configure:6153: result: no
configure:6124: checking for mawk
configure:6153: result: no
configure:6124: checking for nawk
configure:6153: result: no
configure:6124: checking for awk
configure:6140: found /usr/bin/awk
configure:6150: result: awk
configure:6160: checking whether make sets $(MAKE)
configure:6180: result: yes
configure:6210: checking for style of include used by make
configure:6238: result: GNU
configure:6419: checking dependency style of clang
configure:6509: result: gcc3
configure:6528: checking dependency style of clang++
configure:6618: result: gcc3
configure:6636: checking whether to enable maintainer-specific portions of Makefiles
configure:6645: result: no
configure:22026: Using libtool script in directory ..
configure:22125: checking if library version is set
configure:22129: result: 11:7:10
configure:22171: configuring doxygen documentation options
configure:22178: checking for doxygen
configure:22205: result: no
configure:22214: checking for latex
configure:22241: result: no
configure:22269: checking for dot
configure:22296: result: NO
configure:22462: checking for pkg-config
configure:22478: found /usr/local/bin/pkg-config
configure:22488: result: pkg-config
configure:22503: checking pkg-config is at least version 0.16.0
configure:22506: result: yes
configure:22630: checking whether user supplied BLASLIB="/usr/local/lib/libcoinblas.a -lgfortran" works
configure:22744: clang -o conftest -O3 -pipe -DNDEBUG -Wimplicit -Wparentheses -Wsequence-point -Wreturn-type -Wcast-qual -Wall -Wno-unknown-pragmas -Wno-long-long   -DIPOPT_BUILD   conftest.c /usr/local/lib/libcoinblas.a -lgfortran  >&5
ld: library not found for -lgfortran
clang: error: linker command failed with exit code 1 (use -v to see invocation)
configure:22750: $? = 1
configure: failed program was:
| /* confdefs.h.  */
| 
| #define PACKAGE_NAME "Ipopt"
| #define PACKAGE_TARNAME "ipopt"
| #define PACKAGE_VERSION "3.12.7"
| #define PACKAGE_STRING "Ipopt 3.12.7"
| #define PACKAGE_BUGREPORT "http://projects.coin-or.org/Ipopt/newticket"
| #define IPOPT_VERSION "3.12.7"
| #define IPOPT_VERSION_MAJOR 3
| #define IPOPT_VERSION_MINOR 12
| #define IPOPT_VERSION_RELEASE 7
| #define COIN_IPOPT_VERBOSITY 0
| #define COIN_IPOPT_CHECKLEVEL 0
| #ifdef __cplusplus
| extern "C" void exit (int);
| #endif
| #define F77_FUNC(name,NAME) name ## _
| #define F77_FUNC_(name,NAME) name ## _
| #define PACKAGE "ipopt"
| #define VERSION "3.12.7"
| #define STDC_HEADERS 1
| #define HAVE_SYS_TYPES_H 1
| #define HAVE_SYS_STAT_H 1
| #define HAVE_STDLIB_H 1
| #define HAVE_STRING_H 1
| #define HAVE_MEMORY_H 1
| #define HAVE_STRINGS_H 1
| #define HAVE_INTTYPES_H 1
| #define HAVE_STDINT_H 1
| #define HAVE_UNISTD_H 1
| #define HAVE_DLFCN_H 1
| /* end confdefs.h.  */
| void daxpy_();
| #ifdef F77_DUMMY_MAIN
| 
| #  ifdef __cplusplus
|      extern "C"
| #  endif
|    int F77_DUMMY_MAIN() { return 1; }
| 
| #endif
| int
| main ()
| {
| daxpy_()
|   ;
|   return 0;
| }
configure:22809: clang -o conftest -O3 -pipe -DNDEBUG -Wimplicit -Wparentheses -Wsequence-point -Wreturn-type -Wcast-qual -Wall -Wno-unknown-pragmas -Wno-long-long   -DIPOPT_BUILD   conftest.c /usr/local/lib/libcoinblas.a -lgfortran   -L/usr/local/Cellar/gcc/4.9.2_1/lib/gcc/4.9/gcc/x86_64-apple-darwin14.0.0/4.9.2 -L/usr/local/Cellar/gcc/4.9.2_1/lib/gcc/4.9/gcc/x86_64-apple-darwin14.0.0/4.9.2/../../.. -lgfortran -lSystem -lquadmath -lm >&5
configure:22815: $? = 0
configure:22819: test -z 
			 || test ! -s conftest.err
configure:22822: $? = 0
configure:22825: test -s conftest
configure:22828: $? = 0
configure:22835: result: yes: /usr/local/lib/libcoinblas.a -lgfortran  -L/usr/local/Cellar/gcc/4.9.2_1/lib/gcc/4.9/gcc/x86_64-apple-darwin14.0.0/4.9.2 -L/usr/local/Cellar/gcc/4.9.2_1/lib/gcc/4.9/gcc/x86_64-apple-darwin14.0.0/4.9.2/../../.. -lgfortran -lSystem -lquadmath -lm
configure:26357: checking whether user supplied LAPACKLIB="/usr/local/lib/libcoinlapack.a /usr/local/lib/libcoinblas.a -lgfortran  -L/usr/local/Cellar/gcc/4.9.2_1/lib/gcc/4.9/gcc/x86_64-apple-darwin14.0.0/4.9.2 -L/usr/local/Cellar/gcc/4.9.2_1/lib/gcc/4.9/gcc/x86_64-apple-darwin14.0.0/4.9.2/../../.. -lgfortran -lSystem -lquadmath -lm  -L/usr/local/Cellar/gcc/4.9.2_1/lib/gcc/4.9/gcc/x86_64-apple-darwin14.0.0/4.9.2 -L/usr/local/Cellar/gcc/4.9.2_1/lib/gcc/4.9/gcc/x86_64-apple-darwin14.0.0/4.9.2/../../.. -lgfortran -lSystem -lquadmath -lm" works
configure:26473: clang -o conftest -O3 -pipe -DNDEBUG -Wimplicit -Wparentheses -Wsequence-point -Wreturn-type -Wcast-qual -Wall -Wno-unknown-pragmas -Wno-long-long   -DIPOPT_BUILD   conftest.c /usr/local/lib/libcoinlapack.a /usr/local/lib/libcoinblas.a -lgfortran  -L/usr/local/Cellar/gcc/4.9.2_1/lib/gcc/4.9/gcc/x86_64-apple-darwin14.0.0/4.9.2 -L/usr/local/Cellar/gcc/4.9.2_1/lib/gcc/4.9/gcc/x86_64-apple-darwin14.0.0/4.9.2/../../.. -lgfortran -lSystem -lquadmath -lm  -L/usr/local/Cellar/gcc/4.9.2_1/lib/gcc/4.9/gcc/x86_64-apple-darwin14.0.0/4.9.2 -L/usr/local/Cellar/gcc/4.9.2_1/lib/gcc/4.9/gcc/x86_64-apple-darwin14.0.0/4.9.2/../../.. -lgfortran -lSystem -lquadmath -lm  >&5
ld: warning: ignoring file /usr/local/lib/libcoinlapack.a, file was built for archive which is not the architecture being linked (x86_64): /usr/local/lib/libcoinlapack.a
Undefined symbols for architecture x86_64:
  "_dsyev_", referenced from:
      _main in conftest-3e6a14.o
ld: symbol(s) not found for architecture x86_64
clang: error: linker command failed with exit code 1 (use -v to see invocation)
configure:26479: $? = 1
configure: failed program was:
| /* confdefs.h.  */
| 
| #define PACKAGE_NAME "Ipopt"
| #define PACKAGE_TARNAME "ipopt"
| #define PACKAGE_VERSION "3.12.7"
| #define PACKAGE_STRING "Ipopt 3.12.7"
| #define PACKAGE_BUGREPORT "http://projects.coin-or.org/Ipopt/newticket"
| #define IPOPT_VERSION "3.12.7"
| #define IPOPT_VERSION_MAJOR 3
| #define IPOPT_VERSION_MINOR 12
| #define IPOPT_VERSION_RELEASE 7
| #define COIN_IPOPT_VERBOSITY 0
| #define COIN_IPOPT_CHECKLEVEL 0
| #ifdef __cplusplus
| extern "C" void exit (int);
| #endif
| #define F77_FUNC(name,NAME) name ## _
| #define F77_FUNC_(name,NAME) name ## _
| #define PACKAGE "ipopt"
| #define VERSION "3.12.7"
| #define STDC_HEADERS 1
| #define HAVE_SYS_TYPES_H 1
| #define HAVE_SYS_STAT_H 1
| #define HAVE_STDLIB_H 1
| #define HAVE_STRING_H 1
| #define HAVE_MEMORY_H 1
| #define HAVE_STRINGS_H 1
| #define HAVE_INTTYPES_H 1
| #define HAVE_STDINT_H 1
| #define HAVE_UNISTD_H 1
| #define HAVE_DLFCN_H 1
| #define COIN_HAS_BLAS 1
| /* end confdefs.h.  */
| void dsyev_();
| #ifdef F77_DUMMY_MAIN
| 
| #  ifdef __cplusplus
|      extern "C"
| #  endif
|    int F77_DUMMY_MAIN() { return 1; }
| 
| #endif
| int
| main ()
| {
| dsyev_()
|   ;
|   return 0;
| }
configure:26539: clang -o conftest -O3 -pipe -DNDEBUG -Wimplicit -Wparentheses -Wsequence-point -Wreturn-type -Wcast-qual -Wall -Wno-unknown-pragmas -Wno-long-long   -DIPOPT_BUILD   conftest.c /usr/local/lib/libcoinlapack.a /usr/local/lib/libcoinblas.a -lgfortran  -L/usr/local/Cellar/gcc/4.9.2_1/lib/gcc/4.9/gcc/x86_64-apple-darwin14.0.0/4.9.2 -L/usr/local/Cellar/gcc/4.9.2_1/lib/gcc/4.9/gcc/x86_64-apple-darwin14.0.0/4.9.2/../../.. -lgfortran -lSystem -lquadmath -lm  -L/usr/local/Cellar/gcc/4.9.2_1/lib/gcc/4.9/gcc/x86_64-apple-darwin14.0.0/4.9.2 -L/usr/local/Cellar/gcc/4.9.2_1/lib/gcc/4.9/gcc/x86_64-apple-darwin14.0.0/4.9.2/../../.. -lgfortran -lSystem -lquadmath -lm   -L/usr/local/Cellar/gcc/4.9.2_1/lib/gcc/4.9/gcc/x86_64-apple-darwin14.0.0/4.9.2 -L/usr/local/Cellar/gcc/4.9.2_1/lib/gcc/4.9/gcc/x86_64-apple-darwin14.0.0/4.9.2/../../.. -lgfortran -lSystem -lquadmath -lm >&5
ld: warning: ignoring file /usr/local/lib/libcoinlapack.a, file was built for archive which is not the architecture being linked (x86_64): /usr/local/lib/libcoinlapack.a
Undefined symbols for architecture x86_64:
  "_dsyev_", referenced from:
      _main in conftest-f50b1b.o
ld: symbol(s) not found for architecture x86_64
clang: error: linker command failed with exit code 1 (use -v to see invocation)
configure:26545: $? = 1
configure: failed program was:
| /* confdefs.h.  */
| 
| #define PACKAGE_NAME "Ipopt"
| #define PACKAGE_TARNAME "ipopt"
| #define PACKAGE_VERSION "3.12.7"
| #define PACKAGE_STRING "Ipopt 3.12.7"
| #define PACKAGE_BUGREPORT "http://projects.coin-or.org/Ipopt/newticket"
| #define IPOPT_VERSION "3.12.7"
| #define IPOPT_VERSION_MAJOR 3
| #define IPOPT_VERSION_MINOR 12
| #define IPOPT_VERSION_RELEASE 7
| #define COIN_IPOPT_VERBOSITY 0
| #define COIN_IPOPT_CHECKLEVEL 0
| #ifdef __cplusplus
| extern "C" void exit (int);
| #endif
| #define F77_FUNC(name,NAME) name ## _
| #define F77_FUNC_(name,NAME) name ## _
| #define PACKAGE "ipopt"
| #define VERSION "3.12.7"
| #define STDC_HEADERS 1
| #define HAVE_SYS_TYPES_H 1
| #define HAVE_SYS_STAT_H 1
| #define HAVE_STDLIB_H 1
| #define HAVE_STRING_H 1
| #define HAVE_MEMORY_H 1
| #define HAVE_STRINGS_H 1
| #define HAVE_INTTYPES_H 1
| #define HAVE_STDINT_H 1
| #define HAVE_UNISTD_H 1
| #define HAVE_DLFCN_H 1
| #define COIN_HAS_BLAS 1
| /* end confdefs.h.  */
| void dsyev_();
| #ifdef F77_DUMMY_MAIN
| 
| #  ifdef __cplusplus
|      extern "C"
| #  endif
|    int F77_DUMMY_MAIN() { return 1; }
| 
| #endif
| int
| main ()
| {
| dsyev_()
|   ;
|   return 0;
| }
configure:26574: result: no
configure:26576: error: user supplied LAPACK library "/usr/local/lib/libcoinlapack.a /usr/local/lib/libcoinblas.a -lgfortran  -L/usr/local/Cellar/gcc/4.9.2_1/lib/gcc/4.9/gcc/x86_64-apple-darwin14.0.0/4.9.2 -L/usr/local/Cellar/gcc/4.9.2_1/lib/gcc/4.9/gcc/x86_64-apple-darwin14.0.0/4.9.2/../../.. -lgfortran -lSystem -lquadmath -lm  -L/usr/local/Cellar/gcc/4.9.2_1/lib/gcc/4.9/gcc/x86_64-apple-darwin14.0.0/4.9.2 -L/usr/local/Cellar/gcc/4.9.2_1/lib/gcc/4.9/gcc/x86_64-apple-darwin14.0.0/4.9.2/../../.. -lgfortran -lSystem -lquadmath -lm" does not work

## ---------------- ##
## Cache variables. ##
## ---------------- ##

ac_cv_build=i386-apple-darwin16.7.0
ac_cv_build_alias=i386-apple-darwin16.7.0
ac_cv_c_compiler_gnu=yes
ac_cv_cxx_compiler_gnu=yes
ac_cv_env_ADD_CFLAGS_set=
ac_cv_env_ADD_CFLAGS_value=
ac_cv_env_ADD_CXXFLAGS_set=
ac_cv_env_ADD_CXXFLAGS_value=
ac_cv_env_ADD_FFLAGS_set=
ac_cv_env_ADD_FFLAGS_value=
ac_cv_env_CC_set=
ac_cv_env_CC_value=
ac_cv_env_CDEFS_set=
ac_cv_env_CDEFS_value=
ac_cv_env_CFLAGS_set=
ac_cv_env_CFLAGS_value=
ac_cv_env_CPPFLAGS_set=
ac_cv_env_CPPFLAGS_value=
ac_cv_env_CPP_set=
ac_cv_env_CPP_value=
ac_cv_env_CXXAR_set=
ac_cv_env_CXXAR_value=
ac_cv_env_CXXCPP_set=
ac_cv_env_CXXCPP_value=
ac_cv_env_CXXDEFS_set=
ac_cv_env_CXXDEFS_value=
ac_cv_env_CXXFLAGS_set=
ac_cv_env_CXXFLAGS_value=
ac_cv_env_CXXLIBS_set=
ac_cv_env_CXXLIBS_value=
ac_cv_env_CXX_set=
ac_cv_env_CXX_value=
ac_cv_env_DBG_CFLAGS_set=
ac_cv_env_DBG_CFLAGS_value=
ac_cv_env_DBG_CXXFLAGS_set=
ac_cv_env_DBG_CXXFLAGS_value=
ac_cv_env_DBG_FFLAGS_set=
ac_cv_env_DBG_FFLAGS_value=
ac_cv_env_F77_set=
ac_cv_env_F77_value=
ac_cv_env_FFLAGS_set=
ac_cv_env_FFLAGS_value=
ac_cv_env_LDFLAGS_set=
ac_cv_env_LDFLAGS_value=
ac_cv_env_MPICC_set=
ac_cv_env_MPICC_value=
ac_cv_env_MPICXX_set=
ac_cv_env_MPICXX_value=
ac_cv_env_MPIF77_set=
ac_cv_env_MPIF77_value=
ac_cv_env_OPT_CFLAGS_set=
ac_cv_env_OPT_CFLAGS_value=
ac_cv_env_OPT_CXXFLAGS_set=
ac_cv_env_OPT_CXXFLAGS_value=
ac_cv_env_OPT_FFLAGS_set=
ac_cv_env_OPT_FFLAGS_value=
ac_cv_env_PKG_CONFIG_set=
ac_cv_env_PKG_CONFIG_value=
ac_cv_env_build_alias_set=
ac_cv_env_build_alias_value=
ac_cv_env_host_alias_set=
ac_cv_env_host_alias_value=
ac_cv_env_target_alias_set=
ac_cv_env_target_alias_value=
ac_cv_exeext=
ac_cv_f77_compiler_gnu=yes
ac_cv_f77_dummy_main=none
ac_cv_f77_libs=' -L/usr/local/Cellar/gcc/4.9.2_1/lib/gcc/4.9/gcc/x86_64-apple-darwin14.0.0/4.9.2 -L/usr/local/Cellar/gcc/4.9.2_1/lib/gcc/4.9/gcc/x86_64-apple-darwin14.0.0/4.9.2/../../.. -lgfortran -lSystem -lquadmath -lm'
ac_cv_f77_mangling='lower case, underscore, no extra underscore'
ac_cv_fortran_dummy_main=none
ac_cv_objext=o
ac_cv_path_install='/usr/bin/install -c'
ac_cv_prog_AWK=awk
ac_cv_prog_ac_ct_CC=clang
ac_cv_prog_ac_ct_CXX=clang++
ac_cv_prog_ac_ct_F77=gfortran
ac_cv_prog_ac_ct_PKG_CONFIG=pkg-config
ac_cv_prog_cc_g=yes
ac_cv_prog_cc_stdc=
ac_cv_prog_coin_doxy_usedot=NO
ac_cv_prog_coin_have_doxygen=no
ac_cv_prog_coin_have_latex=no
ac_cv_prog_cxx_g=yes
ac_cv_prog_egrep='grep -E'
ac_cv_prog_f77_g=yes
ac_cv_prog_f77_v=-v
ac_cv_prog_have_svnversion=yes
ac_cv_prog_make_make_set=yes
am_cv_CC_dependencies_compiler_type=gcc3
am_cv_CXX_dependencies_compiler_type=gcc3

## ----------------- ##
## Output variables. ##
## ----------------- ##

ABSBUILDDIR=''
ACLOCAL='${SHELL} /Users/iglopezfrancos/Documents/PROJECTS/Udacity_SDE/CarND-MPC-Project/Ipopt-3.12.7/Ipopt/missing --run aclocal-1.9'
ADD_CFLAGS=''
ADD_CXXFLAGS=''
ADD_FFLAGS=''
AIX_FIX_COMPILER_BUG_FALSE=''
AIX_FIX_COMPILER_BUG_TRUE='#'
ALWAYS_FALSE_FALSE=''
ALWAYS_FALSE_TRUE='#'
AMDEPBACKSLASH='\'
AMDEP_FALSE='#'
AMDEP_TRUE=''
AMTAR='${SHELL} /Users/iglopezfrancos/Documents/PROJECTS/Udacity_SDE/CarND-MPC-Project/Ipopt-3.12.7/Ipopt/missing --run tar'
AR='ar'
ASL_CFLAGS=''
ASL_CFLAGS_INSTALLED=''
ASL_DATA=''
ASL_DATA_INSTALLED=''
ASL_DEPENDENCIES=''
ASL_LIBS=''
ASL_LIBS_INSTALLED=''
ASTYLE=''
ASTYLEFLAGS=''
AUTOCONF='${SHELL} /Users/iglopezfrancos/Documents/PROJECTS/Udacity_SDE/CarND-MPC-Project/Ipopt-3.12.7/Ipopt/missing --run autoconf'
AUTOHEADER='${SHELL} /Users/iglopezfrancos/Documents/PROJECTS/Udacity_SDE/CarND-MPC-Project/Ipopt-3.12.7/Ipopt/missing --run autoheader'
AUTOMAKE='${SHELL} /Users/iglopezfrancos/Documents/PROJECTS/Udacity_SDE/CarND-MPC-Project/Ipopt-3.12.7/Ipopt/missing --run automake-1.9'
AUX_DIR=''
AWK='awk'
BIT32FCOMMENT=''
BIT64FCOMMENT=''
BITS_PER_POINTER=''
BLAS_CFLAGS=''
BLAS_CFLAGS_INSTALLED=''
BLAS_DATA=''
BLAS_DATA_INSTALLED=''
BLAS_DEPENDENCIES=''
BLAS_LIBS='/usr/local/lib/libcoinblas.a -lgfortran  -L/usr/local/Cellar/gcc/4.9.2_1/lib/gcc/4.9/gcc/x86_64-apple-darwin14.0.0/4.9.2 -L/usr/local/Cellar/gcc/4.9.2_1/lib/gcc/4.9/gcc/x86_64-apple-darwin14.0.0/4.9.2/../../.. -lgfortran -lSystem -lquadmath -lm  -L/usr/local/Cellar/gcc/4.9.2_1/lib/gcc/4.9/gcc/x86_64-apple-darwin14.0.0/4.9.2 -L/usr/local/Cellar/gcc/4.9.2_1/lib/gcc/4.9/gcc/x86_64-apple-darwin14.0.0/4.9.2/../../.. -lgfortran -lSystem -lquadmath -lm'
BLAS_LIBS_INSTALLED=''
BLUEGENEEXTRA='echo'
BUILDTOOLSDIR=''
BUILD_INEXACT_FALSE=''
BUILD_INEXACT_TRUE=''
BUILD_LINEARSOLVERLOADER_FALSE=''
BUILD_LINEARSOLVERLOADER_TRUE=''
BUILD_PARDISOLOADER_FALSE=''
BUILD_PARDISOLOADER_TRUE=''
CC='clang'
CCDEPMODE='depmode=gcc3'
CDEFS=''
CFLAGS='-O3 -pipe -DNDEBUG -Wimplicit -Wparentheses -Wsequence-point -Wreturn-type -Wcast-qual -Wall -Wno-unknown-pragmas -Wno-long-long   -DIPOPT_BUILD'
COIN_CC_IS_CL_FALSE=''
COIN_CC_IS_CL_TRUE='#'
COIN_CXX_IS_CL_FALSE=''
COIN_CXX_IS_CL_TRUE='#'
COIN_HAS_ASL_FALSE=''
COIN_HAS_ASL_TRUE=''
COIN_HAS_BLAS_FALSE='#'
COIN_HAS_BLAS_TRUE=''
COIN_HAS_DOXYGEN_FALSE=''
COIN_HAS_DOXYGEN_TRUE='#'
COIN_HAS_F77_FALSE='#'
COIN_HAS_F77_TRUE=''
COIN_HAS_HSL_FALSE=''
COIN_HAS_HSL_TRUE=''
COIN_HAS_LAPACK_FALSE=''
COIN_HAS_LAPACK_TRUE=''
COIN_HAS_LATEX_FALSE=''
COIN_HAS_LATEX_TRUE='#'
COIN_HAS_MUMPS_FALSE=''
COIN_HAS_MUMPS_TRUE=''
COIN_HAS_PKGCONFIG_FALSE='#'
COIN_HAS_PKGCONFIG_TRUE=''
COIN_PKG_CONFIG_PATH='/usr/local/lib64/pkgconfig:/usr/local/lib/pkgconfig:/usr/local/share/pkgconfig:'
COIN_PKG_CONFIG_PATH_UNINSTALLED='/Users/iglopezfrancos/Documents/PROJECTS/Udacity_SDE/CarND-MPC-Project/Ipopt-3.12.7/Ipopt:/Users/iglopezfrancos/Documents/PROJECTS/Udacity_SDE/CarND-MPC-Project/Ipopt-3.12.7/ThirdParty/Mumps:/Users/iglopezfrancos/Documents/PROJECTS/Udacity_SDE/CarND-MPC-Project/Ipopt-3.12.7/ThirdParty/ASL:'
CPP='clang -E'
CPPFLAGS=''
CXX='clang++'
CXXAR=''
CXXCPP='clang++ -E'
CXXDEFS=''
CXXDEPMODE='depmode=gcc3'
CXXFLAGS='-O3 -pipe -DNDEBUG    -DIPOPT_BUILD'
CXXLIBS='-lc++'
CYGPATH_W='echo'
DBG_CFLAGS='-g -O0 -pipe -Wimplicit -Wparentheses -Wsequence-point -Wreturn-type -Wcast-qual -Wall -Wno-unknown-pragmas -Wno-long-long  '
DBG_CXXFLAGS='-g -O0 -pipe   '
DBG_FFLAGS='-g -O0 -pipe  '
DEFS=''
DEPDIR='.deps'
DEPENDENCY_LINKING_FALSE='#'
DEPENDENCY_LINKING_TRUE=''
ECHO='/bin/echo'
ECHO_C='ECHO_N=''
ECHO_T=''
EGREP='grep -E'
EXEEXT=''
F77='gfortran'
FFLAGS=''
FLIBS=' -L/usr/local/Cellar/gcc/4.9.2_1/lib/gcc/4.9/gcc/x86_64-apple-darwin14.0.0/4.9.2 -L/usr/local/Cellar/gcc/4.9.2_1/lib/gcc/4.9/gcc/x86_64-apple-darwin14.0.0/4.9.2/../../.. -lgfortran -lSystem -lquadmath -lm'
FRAMEWORK_VECLIB=''
HAVE_EXTERNALS_FALSE=''
HAVE_EXTERNALS_TRUE='#'
HAVE_MA28_FALSE=''
HAVE_MA28_TRUE=''
HAVE_PARDISO_FALSE=''
HAVE_PARDISO_TRUE=''
HAVE_WSMP_FALSE=''
HAVE_WSMP_TRUE=''
HSL_CFLAGS=''
HSL_CFLAGS_INSTALLED=''
HSL_DATA=''
HSL_DATA_INSTALLED=''
HSL_DEPENDENCIES=''
HSL_LIBS=''
HSL_LIBS_INSTALLED=''
INSTALL_DATA='${INSTALL} -m 644'
INSTALL_PROGRAM='${INSTALL}'
INSTALL_SCRIPT='${INSTALL}'
INSTALL_STRIP_PROGRAM='${SHELL} $(install_sh) -c -s'
IPALLLIBS=''
IPOPTAMPLINTERFACELIB_CFLAGS=''
IPOPTAMPLINTERFACELIB_CFLAGS_INSTALLED=''
IPOPTAMPLINTERFACELIB_DEPENDENCIES=''
IPOPTAMPLINTERFACELIB_LIBS=''
IPOPTAMPLINTERFACELIB_LIBS_INSTALLED=''
IPOPTAMPLINTERFACELIB_PCLIBS=''
IPOPTAMPLINTERFACELIB_PCREQUIRES=''
IPOPTLIB_CFLAGS=''
IPOPTLIB_CFLAGS_INSTALLED=''
IPOPTLIB_DEPENDENCIES=''
IPOPTLIB_LIBS='/usr/local/lib/libcoinblas.a -lgfortran  -L/usr/local/Cellar/gcc/4.9.2_1/lib/gcc/4.9/gcc/x86_64-apple-darwin14.0.0/4.9.2 -L/usr/local/Cellar/gcc/4.9.2_1/lib/gcc/4.9/gcc/x86_64-apple-darwin14.0.0/4.9.2/../../.. -lgfortran -lSystem -lquadmath -lm  -L/usr/local/Cellar/gcc/4.9.2_1/lib/gcc/4.9/gcc/x86_64-apple-darwin14.0.0/4.9.2 -L/usr/local/Cellar/gcc/4.9.2_1/lib/gcc/4.9/gcc/x86_64-apple-darwin14.0.0/4.9.2/../../.. -lgfortran -lSystem -lquadmath -lm -lm '
IPOPTLIB_LIBS_INSTALLED='/usr/local/lib/libcoinblas.a -lgfortran  -L/usr/local/Cellar/gcc/4.9.2_1/lib/gcc/4.9/gcc/x86_64-apple-darwin14.0.0/4.9.2 -L/usr/local/Cellar/gcc/4.9.2_1/lib/gcc/4.9/gcc/x86_64-apple-darwin14.0.0/4.9.2/../../.. -lgfortran -lSystem -lquadmath -lm  -L/usr/local/Cellar/gcc/4.9.2_1/lib/gcc/4.9/gcc/x86_64-apple-darwin14.0.0/4.9.2 -L/usr/local/Cellar/gcc/4.9.2_1/lib/gcc/4.9/gcc/x86_64-apple-darwin14.0.0/4.9.2/../../.. -lgfortran -lSystem -lquadmath -lm -lm '
IPOPTLIB_PCLIBS='/usr/local/lib/libcoinblas.a -lgfortran  -L/usr/local/Cellar/gcc/4.9.2_1/lib/gcc/4.9/gcc/x86_64-apple-darwin14.0.0/4.9.2 -L/usr/local/Cellar/gcc/4.9.2_1/lib/gcc/4.9/gcc/x86_64-apple-darwin14.0.0/4.9.2/../../.. -lgfortran -lSystem -lquadmath -lm  -L/usr/local/Cellar/gcc/4.9.2_1/lib/gcc/4.9/gcc/x86_64-apple-darwin14.0.0/4.9.2 -L/usr/local/Cellar/gcc/4.9.2_1/lib/gcc/4.9/gcc/x86_64-apple-darwin14.0.0/4.9.2/../../.. -lgfortran -lSystem -lquadmath -lm -lm '
IPOPTLIB_PCREQUIRES=''
IPOPT_SVN_REV=''
JAVA_HOME=''
JIPOPTDLL=''
LAPACK_CFLAGS=''
LAPACK_CFLAGS_INSTALLED=''
LAPACK_DATA=''
LAPACK_DATA_INSTALLED=''
LAPACK_DEPENDENCIES=''
LAPACK_LIBS=''
LAPACK_LIBS_INSTALLED=''
LDFLAGS=''
LIBEXT=''
LIBOBJS=''
LIBS='/usr/local/lib/libcoinlapack.a /usr/local/lib/libcoinblas.a -lgfortran  -L/usr/local/Cellar/gcc/4.9.2_1/lib/gcc/4.9/gcc/x86_64-apple-darwin14.0.0/4.9.2 -L/usr/local/Cellar/gcc/4.9.2_1/lib/gcc/4.9/gcc/x86_64-apple-darwin14.0.0/4.9.2/../../.. -lgfortran -lSystem -lquadmath -lm  -L/usr/local/Cellar/gcc/4.9.2_1/lib/gcc/4.9/gcc/x86_64-apple-darwin14.0.0/4.9.2 -L/usr/local/Cellar/gcc/4.9.2_1/lib/gcc/4.9/gcc/x86_64-apple-darwin14.0.0/4.9.2/../../.. -lgfortran -lSystem -lquadmath -lm '
LIBTOOL='$(SHELL) $(top_builddir)/../libtool'
LIBTOOLM4=''
LN_S='ln -s'
LTLIBOBJS=''
LT_LDFLAGS='-no-undefined -version-info 11:7:10'
MAINT='#'
MAINTAINER_MODE_FALSE=''
MAINTAINER_MODE_TRUE='#'
MAKEINFO='${SHELL} /Users/iglopezfrancos/Documents/PROJECTS/Udacity_SDE/CarND-MPC-Project/Ipopt-3.12.7/Ipopt/missing --run makeinfo'
MATLAB_CYGPATH_W='echo'
MATLAB_HOME=''
MEXSUFFIX=''
MEX_STATIC_FALSE=''
MEX_STATIC_TRUE=''
MEX_WINDOWS_FALSE=''
MEX_WINDOWS_TRUE=''
MPICC=''
MPICXX=''
MPIF77=''
MUMPS_CFLAGS=''
MUMPS_CFLAGS_INSTALLED=''
MUMPS_DATA=''
MUMPS_DATA_INSTALLED=''
MUMPS_DEPENDENCIES=''
MUMPS_LIBS=''
MUMPS_LIBS_INSTALLED=''
MWMA57PATH=''
OBJEXT='o'
OPT_CFLAGS='-O3 -pipe -DNDEBUG -Wimplicit -Wparentheses -Wsequence-point -Wreturn-type -Wcast-qual -Wall -Wno-unknown-pragmas -Wno-long-long  '
OPT_CXXFLAGS='-O3 -pipe -DNDEBUG   '
OPT_FFLAGS='-O3 -pipe  '
PACKAGE='ipopt'
PACKAGE_BUGREPORT='http://projects.coin-or.org/Ipopt/newticket'
PACKAGE_NAME='Ipopt'
PACKAGE_STRING='Ipopt 3.12.7'
PACKAGE_TARNAME='ipopt'
PACKAGE_VERSION='3.12.7'
PATH_SEPARATOR=':'
PKG_CONFIG='pkg-config'
RANLIB='ranlib'
RPATH_FLAGS=''
SET_MAKE=''
SHARED_FLAGS=''
SHELL='/bin/sh'
STRIP='strip'
VERSION='3.12.7'
VPATH_DISTCLEANFILES=''
abs_bin_dir='/usr/local/bin'
abs_include_dir='/usr/local/include'
abs_lib_dir='/usr/local/lib'
abs_source_dir='/Users/iglopezfrancos/Documents/PROJECTS/Udacity_SDE/CarND-MPC-Project/Ipopt-3.12.7/Ipopt'
ac_c_preproc_warn_flag=''
ac_ct_AR='ar'
ac_ct_CC='clang'
ac_ct_CXX='clang++'
ac_ct_F77='gfortran'
ac_ct_PKG_CONFIG='pkg-config'
ac_ct_RANLIB='ranlib'
ac_ct_STRIP='strip'
ac_cxx_preproc_warn_flag=''
am__fastdepCC_FALSE='#'
am__fastdepCC_TRUE=''
am__fastdepCXX_FALSE='#'
am__fastdepCXX_TRUE=''
am__include='include'
am__leading_dot='.'
am__quote=''
am__tar='${AMTAR} chof - "$$tardir"'
am__untar='${AMTAR} xf -'
bindir='${exec_prefix}/bin'
build='i386-apple-darwin16.7.0'
build_alias=''
build_cpu='i386'
build_os='darwin16.7.0'
build_vendor='apple'
coin_doxy_excludes=''
coin_doxy_logname='doxydoc/ipopt_doxy.log'
coin_doxy_tagfiles=''
coin_doxy_tagname='doxydoc/ipopt_doxy.tag'
coin_doxy_usedot='NO'
coin_have_doxygen='no'
coin_have_latex='no'
datadir='${prefix}/share'
exec_prefix='NONE'
have_autoconf=''
have_automake=''
have_svn=''
have_svnversion='yes'
host='i386-apple-darwin16.7.0'
host_alias=''
host_cpu='i386'
host_os='darwin16.7.0'
host_vendor='apple'
includedir='${prefix}/include'
infodir='${prefix}/info'
install_sh='/Users/iglopezfrancos/Documents/PROJECTS/Udacity_SDE/CarND-MPC-Project/Ipopt-3.12.7/Ipopt/install-sh'
libdir='${exec_prefix}/lib'
libexecdir='${exec_prefix}/libexec'
localstatedir='${prefix}/var'
mandir='${prefix}/man'
mkdir_p='$(install_sh) -d'
oldincludedir='/usr/include'
prefix='/usr/local'
program_transform_name='s,x,x,'
sbindir='${exec_prefix}/sbin'
sharedstatedir='${prefix}/com'
sol_cc_compiler=''
sysconfdir='${prefix}/etc'
target_alias=''

## ----------- ##
## confdefs.h. ##
## ----------- ##

#define COIN_HAS_BLAS 1
#define COIN_IPOPT_CHECKLEVEL 0
#define COIN_IPOPT_VERBOSITY 0
#define F77_FUNC(name,NAME) name ## _
#define F77_FUNC_(name,NAME) name ## _
#define HAVE_DLFCN_H 1
#define HAVE_INTTYPES_H 1
#define HAVE_MEMORY_H 1
#define HAVE_STDINT_H 1
#define HAVE_STDLIB_H 1
#define HAVE_STRINGS_H 1
#define HAVE_STRING_H 1
#define HAVE_SYS_STAT_H 1
#define HAVE_SYS_TYPES_H 1
#define HAVE_UNISTD_H 1
#define IPOPT_VERSION "3.12.7"
#define IPOPT_VERSION_MAJOR 3
#define IPOPT_VERSION_MINOR 12
#define IPOPT_VERSION_RELEASE 7
#define PACKAGE "ipopt"
#define PACKAGE_BUGREPORT "http://projects.coin-or.org/Ipopt/newticket"
#define PACKAGE_NAME "Ipopt"
#define PACKAGE_STRING "Ipopt 3.12.7"
#define PACKAGE_TARNAME "ipopt"
#define PACKAGE_VERSION "3.12.7"
#define STDC_HEADERS 1
#define VERSION "3.12.7"
#endif
#ifdef __cplusplus
extern "C" void exit (int);

configure: exit 1
