This file contains any messages produced by compilers while
running configure, to aid debugging if configure makes a mistake.

It was created by Ipopt configure 3.12.7, which was
generated by GNU Autoconf 2.59.  Invocation command line was

  $ ./configure --prefix=/usr/local coin_skip_warn_cxxflags=yes --with-blas=/usr/local/lib/libcoinblas.a -lgfortran --with-lapack=/usr/local/lib/libcoinlapack.a

## --------- ##
## Platform. ##
## --------- ##

hostname = Ignacios-MBP
uname -m = x86_64
uname -r = 16.7.0
uname -s = Darwin
uname -v = Darwin Kernel Version 16.7.0: Thu Jun 21 20:07:39 PDT 2018; root:xnu-3789.73.14~1/RELEASE_X86_64

/usr/bin/uname -p = i386
/bin/uname -X     = unknown

/bin/arch              = unknown
/usr/bin/arch -k       = unknown
/usr/convex/getsysinfo = unknown
hostinfo               = Mach kernel version:
	 Darwin Kernel Version 16.7.0: Thu Jun 21 20:07:39 PDT 2018; root:xnu-3789.73.14~1/RELEASE_X86_64
Kernel configured for up to 4 processors.
2 processors are physically available.
4 processors are logically available.
Processor type: i486 (Intel 80486)
Processors active: 0 1 2 3
Primary memory available: 8.00 gigabytes
Default processor set: 344 tasks, 2367 threads, 4 processors
Load average: 8.03, Mach factor: 0.58
/bin/machine           = unknown
/usr/bin/oslevel       = unknown
/bin/universe          = unknown

PATH: /Users/iglopezfrancos/Downloads/google-cloud-sdk/bin
PATH: /Applications/domino
PATH: /Users/iglopezfrancos/anaconda/bin
PATH: /usr/local/bin
PATH: /usr/bin
PATH: /bin
PATH: /usr/sbin
PATH: /sbin
PATH: /opt/X11/bin
PATH: /Applications/domino
PATH: /usr/local/share/dotnet
PATH: ~/.dotnet/tools
PATH: /usr/local/git/bin
PATH: /Library/Frameworks/Mono.framework/Versions/Current/Commands
PATH: /usr/texbin
PATH: /Applications/Wireshark.app/Contents/MacOS
PATH: /Applications/Xamarin Workbooks.app/Contents/SharedSupport/path-bin
PATH: /Users/iglopezfrancos/Downloads/google-cloud-sdk/bin
PATH: /Users/iglopezfrancos/.sdkman/candidates/gradle/current/bin
PATH: /Users/iglopezfrancos/anaconda/bin


## ----------- ##
## Core tests. ##
## ----------- ##

configure:1700: checking build system type
configure:1718: result: i386-apple-darwin16.7.0
configure:1729: checking whether we want to compile in debug mode
configure:1758: result: no
configure:1974: checking for clang
configure:1990: found /usr/bin/clang
configure:2000: result: clang
configure:2021: checking for C compiler version
configure:2024: clang --version </dev/null >&5
Apple LLVM version 9.0.0 (clang-900.0.39.2)
Target: x86_64-apple-darwin16.7.0
Thread model: posix
InstalledDir: /Applications/Xcode.app/Contents/Developer/Toolchains/XcodeDefault.xctoolchain/usr/bin
configure:2027: $? = 0
configure:2029: clang -v </dev/null >&5
Apple LLVM version 9.0.0 (clang-900.0.39.2)
Target: x86_64-apple-darwin16.7.0
Thread model: posix
InstalledDir: /Applications/Xcode.app/Contents/Developer/Toolchains/XcodeDefault.xctoolchain/usr/bin
Found CUDA installation: /usr/local/cuda, version 7.5
configure:2032: $? = 0
configure:2034: clang -V </dev/null >&5
clang: error: argument to '-V' is missing (expected 1 value)
clang: error: no input files
configure:2037: $? = 1
configure:2060: checking for C compiler default output file name
configure:2063: clang    conftest.c  >&5
configure:2066: $? = 0
configure:2112: result: a.out
configure:2117: checking whether the C compiler works
configure:2123: ./a.out
configure:2126: $? = 0
configure:2143: result: yes
configure:2150: checking whether we are cross compiling
configure:2152: result: no
configure:2155: checking for suffix of executables
configure:2157: clang -o conftest    conftest.c  >&5
configure:2160: $? = 0
configure:2185: result: 
configure:2191: checking for suffix of object files
configure:2212: clang -c   conftest.c >&5
configure:2215: $? = 0
configure:2237: result: o
configure:2241: checking whether we are using the GNU C compiler
configure:2265: clang -c   conftest.c >&5
configure:2271: $? = 0
configure:2275: test -z 
			 || test ! -s conftest.err
configure:2278: $? = 0
configure:2281: test -s conftest.o
configure:2284: $? = 0
configure:2297: result: yes
configure:2303: checking whether clang accepts -g
configure:2324: clang -c -g  conftest.c >&5
configure:2330: $? = 0
configure:2334: test -z 
			 || test ! -s conftest.err
configure:2337: $? = 0
configure:2340: test -s conftest.o
configure:2343: $? = 0
configure:2354: result: yes
configure:2371: checking for clang option to accept ANSI C
configure:2441: clang  -c -g -O2  conftest.c >&5
configure:2447: $? = 0
configure:2451: test -z 
			 || test ! -s conftest.err
configure:2454: $? = 0
configure:2457: test -s conftest.o
configure:2460: $? = 0
configure:2478: result: none needed
configure:2496: clang -c -g -O2  conftest.c >&5
conftest.c:2:3: error: unknown type name 'choke'
  choke me
  ^
conftest.c:2:11: error: expected ';' after top level declarator
  choke me
          ^
          ;
2 errors generated.
configure:2502: $? = 1
configure: failed program was:
| #ifndef __cplusplus
|   choke me
| #endif
configure:2923: clang -o conftest -O3 -pipe -DNDEBUG -Wimplicit -Wparentheses -Wsequence-point -Wreturn-type -Wcast-qual -Wall -Wno-unknown-pragmas -Wno-long-long     conftest.c  >&5
configure:2929: $? = 0
configure:2933: test -z 
			 || test ! -s conftest.err
configure:2936: $? = 0
configure:2939: test -s conftest
configure:2942: $? = 0
configure:3009: C compiler options are: -O3 -pipe -DNDEBUG -Wimplicit -Wparentheses -Wsequence-point -Wreturn-type -Wcast-qual -Wall -Wno-unknown-pragmas -Wno-long-long  
configure:3126: checking for clang++
configure:3142: found /usr/bin/clang++
configure:3152: result: clang++
configure:3168: checking for C++ compiler version
configure:3171: clang++ --version </dev/null >&5
Apple LLVM version 9.0.0 (clang-900.0.39.2)
Target: x86_64-apple-darwin16.7.0
Thread model: posix
InstalledDir: /Applications/Xcode.app/Contents/Developer/Toolchains/XcodeDefault.xctoolchain/usr/bin
configure:3174: $? = 0
configure:3176: clang++ -v </dev/null >&5
Apple LLVM version 9.0.0 (clang-900.0.39.2)
Target: x86_64-apple-darwin16.7.0
Thread model: posix
InstalledDir: /Applications/Xcode.app/Contents/Developer/Toolchains/XcodeDefault.xctoolchain/usr/bin
Found CUDA installation: /usr/local/cuda, version 7.5
configure:3179: $? = 0
configure:3181: clang++ -V </dev/null >&5
clang: error: argument to '-V' is missing (expected 1 value)
clang: error: no input files
configure:3184: $? = 1
configure:3187: checking whether we are using the GNU C++ compiler
configure:3211: clang++ -c   conftest.cc >&5
configure:3217: $? = 0
configure:3221: test -z 
			 || test ! -s conftest.err
configure:3224: $? = 0
configure:3227: test -s conftest.o
configure:3230: $? = 0
configure:3243: result: yes
configure:3249: checking whether clang++ accepts -g
configure:3270: clang++ -c -g  conftest.cc >&5
configure:3276: $? = 0
configure:3280: test -z 
			 || test ! -s conftest.err
configure:3283: $? = 0
configure:3286: test -s conftest.o
configure:3289: $? = 0
configure:3300: result: yes
configure:3342: clang++ -c -g -O2  conftest.cc >&5
configure:3348: $? = 0
configure:3352: test -z 
			 || test ! -s conftest.err
configure:3355: $? = 0
configure:3358: test -s conftest.o
configure:3361: $? = 0
configure:3387: clang++ -c -g -O2  conftest.cc >&5
conftest.cc:13:1: error: use of undeclared identifier 'exit'
exit (42);
^
1 error generated.
configure:3393: $? = 1
configure: failed program was:
| /* confdefs.h.  */
| 
| #define PACKAGE_NAME "Ipopt"
| #define PACKAGE_TARNAME "ipopt"
| #define PACKAGE_VERSION "3.12.7"
| #define PACKAGE_STRING "Ipopt 3.12.7"
| #define PACKAGE_BUGREPORT "http://projects.coin-or.org/Ipopt/newticket"
| /* end confdefs.h.  */
| 
| int
| main ()
| {
| exit (42);
|   ;
|   return 0;
| }
configure:3342: clang++ -c -g -O2  conftest.cc >&5
conftest.cc:9:17: error: use of undeclared identifier 'std'
extern "C" void std::exit (int) throw (); using std::exit;
                ^
conftest.cc:9:49: error: use of undeclared identifier 'std'
extern "C" void std::exit (int) throw (); using std::exit;
                                                ^
2 errors generated.
configure:3348: $? = 1
configure: failed program was:
| /* confdefs.h.  */
| 
| #define PACKAGE_NAME "Ipopt"
| #define PACKAGE_TARNAME "ipopt"
| #define PACKAGE_VERSION "3.12.7"
| #define PACKAGE_STRING "Ipopt 3.12.7"
| #define PACKAGE_BUGREPORT "http://projects.coin-or.org/Ipopt/newticket"
| /* end confdefs.h.  */
| extern "C" void std::exit (int) throw (); using std::exit;
| #include <stdlib.h>
| int
| main ()
| {
| exit (42);
|   ;
|   return 0;
| }
configure:3342: clang++ -c -g -O2  conftest.cc >&5
conftest.cc:9:17: error: use of undeclared identifier 'std'
extern "C" void std::exit (int); using std::exit;
                ^
conftest.cc:9:40: error: use of undeclared identifier 'std'
extern "C" void std::exit (int); using std::exit;
                                       ^
2 errors generated.
configure:3348: $? = 1
configure: failed program was:
| /* confdefs.h.  */
| 
| #define PACKAGE_NAME "Ipopt"
| #define PACKAGE_TARNAME "ipopt"
| #define PACKAGE_VERSION "3.12.7"
| #define PACKAGE_STRING "Ipopt 3.12.7"
| #define PACKAGE_BUGREPORT "http://projects.coin-or.org/Ipopt/newticket"
| /* end confdefs.h.  */
| extern "C" void std::exit (int); using std::exit;
| #include <stdlib.h>
| int
| main ()
| {
| exit (42);
|   ;
|   return 0;
| }
configure:3342: clang++ -c -g -O2  conftest.cc >&5
In file included from conftest.cc:10:
In file included from /Applications/Xcode.app/Contents/Developer/Toolchains/XcodeDefault.xctoolchain/usr/include/c++/v1/stdlib.h:94:
/usr/include/stdlib.h:142:7: error: 'exit' is missing exception specification 'throw()'
void     exit(int) __dead2;
         ^
conftest.cc:9:17: note: previous declaration is here
extern "C" void exit (int) throw ();
                ^
1 error generated.
configure:3348: $? = 1
configure: failed program was:
| /* confdefs.h.  */
| 
| #define PACKAGE_NAME "Ipopt"
| #define PACKAGE_TARNAME "ipopt"
| #define PACKAGE_VERSION "3.12.7"
| #define PACKAGE_STRING "Ipopt 3.12.7"
| #define PACKAGE_BUGREPORT "http://projects.coin-or.org/Ipopt/newticket"
| /* end confdefs.h.  */
| extern "C" void exit (int) throw ();
| #include <stdlib.h>
| int
| main ()
| {
| exit (42);
|   ;
|   return 0;
| }
configure:3342: clang++ -c -g -O2  conftest.cc >&5
configure:3348: $? = 0
configure:3352: test -z 
			 || test ! -s conftest.err
configure:3355: $? = 0
configure:3358: test -s conftest.o
configure:3361: $? = 0
configure:3387: clang++ -c -g -O2  conftest.cc >&5
configure:3393: $? = 0
configure:3397: test -z 
			 || test ! -s conftest.err
configure:3400: $? = 0
configure:3403: test -s conftest.o
configure:3406: $? = 0
configure:3438: checking whether C++ compiler clang++ works
configure:3456: clang++ -c -g -O2  conftest.cc >&5
configure:3462: $? = 0
configure:3466: test -z 
			 || test ! -s conftest.err
configure:3469: $? = 0
configure:3472: test -s conftest.o
configure:3475: $? = 0
configure:3477: result: yes
configure:3798: clang++ -o conftest -O3 -pipe -DNDEBUG      conftest.cc  >&5
configure:3804: $? = 0
configure:3808: test -z 
			 || test ! -s conftest.err
configure:3811: $? = 0
configure:3814: test -s conftest
configure:3817: $? = 0
configure:3884: C++ compiler options are: -O3 -pipe -DNDEBUG   
configure:3955: Trying to determine Fortran compiler name
configure:4004: checking for xlf_r
configure:4033: result: no
configure:4004: checking for fort77
configure:4033: result: no
configure:4004: checking for gfortran
configure:4020: found /usr/local/bin/gfortran
configure:4030: result: gfortran
configure:4138: checking for Fortran 77 compiler version
configure:4141: gfortran --version </dev/null >&5
GNU Fortran (Homebrew gcc 4.9.2_1) 4.9.2
Copyright (C) 2014 Free Software Foundation, Inc.

GNU Fortran comes with NO WARRANTY, to the extent permitted by law.
You may redistribute copies of GNU Fortran
under the terms of the GNU General Public License.
For more information about these matters, see the file named COPYING

configure:4144: $? = 0
configure:4146: gfortran -v </dev/null >&5
Using built-in specs.
COLLECT_GCC=gfortran
COLLECT_LTO_WRAPPER=/usr/local/Cellar/gcc/4.9.2_1/libexec/gcc/x86_64-apple-darwin14.0.0/4.9.2/lto-wrapper
Target: x86_64-apple-darwin14.0.0
Configured with: ../configure --build=x86_64-apple-darwin14.0.0 --prefix=/usr/local/Cellar/gcc/4.9.2_1 --libdir=/usr/local/Cellar/gcc/4.9.2_1/lib/gcc/4.9 --enable-languages=c,c++,objc,obj-c++,fortran --program-suffix=-4.9 --with-gmp=/usr/local/opt/gmp --with-mpfr=/usr/local/opt/mpfr --with-mpc=/usr/local/opt/libmpc --with-cloog=/usr/local/opt/cloog --with-isl=/usr/local/opt/isl --with-system-zlib --enable-libstdcxx-time=yes --enable-stage1-checking --enable-checking=release --enable-lto --disable-werror --with-pkgversion='Homebrew gcc 4.9.2_1' --with-bugurl=https://github.com/Homebrew/homebrew/issues --enable-plugin --disable-nls --enable-multilib --with-native-system-header-dir=/usr/include --with-sysroot=/Applications/Xcode.app/Contents/Developer/Platforms/MacOSX.platform/Developer/SDKs/MacOSX10.10.sdk
Thread model: posix
gcc version 4.9.2 (Homebrew gcc 4.9.2_1) 
configure:4149: $? = 0
configure:4151: gfortran -V </dev/null >&5
gfortran: error: unrecognized command line option '-V'
gfortran: fatal error: no input files
compilation terminated.
configure:4154: $? = 1
configure:4162: checking whether we are using the GNU Fortran 77 compiler
configure:4176: gfortran -c  conftest.F >&5
configure:4182: $? = 0
configure:4186: test -z 
			 || test ! -s conftest.err
configure:4189: $? = 0
configure:4192: test -s conftest.o
configure:4195: $? = 0
configure:4208: result: yes
configure:4214: checking whether gfortran accepts -g
configure:4226: gfortran -c -g conftest.f >&5
configure:4232: $? = 0
configure:4236: test -z 
			 || test ! -s conftest.err
configure:4239: $? = 0
configure:4242: test -s conftest.o
configure:4245: $? = 0
configure:4257: result: yes
configure:4492: gfortran -o conftest -O3 -pipe    conftest.f  >&5
ld: library not found for -lSystem
collect2: error: ld returned 1 exit status
configure:4498: $? = 1
configure: failed program was:
|       program main
|       integer i
|       end
configure:4523: WARNING: The flags FFLAGS="" do not work.  I will now just try '-O', but you might want to set FFLAGS manually.
configure:4532: gfortran -o conftest -O  conftest.f  >&5
ld: library not found for -lSystem
collect2: error: ld returned 1 exit status
configure:4538: $? = 1
configure: failed program was:
|       program main
|       integer i
|       end
configure:4563: WARNING: This value for FFLAGS does not work.  I will continue with empty FFLAGS, but you might want to set FFLAGS manually.
configure:4569: Fortran compiler options are: 
configure:4692: checking for egrep
configure:4702: result: grep -E
configure:4707: checking whether ln -s works
configure:4711: result: yes
configure:4732: checking for a BSD-compatible install
configure:4787: result: /usr/bin/install -c
configure:4798: checking whether build environment is sane
configure:4841: result: yes
configure:4906: checking for gawk
configure:4935: result: no
configure:4906: checking for mawk
configure:4935: result: no
configure:4906: checking for nawk
configure:4935: result: no
configure:4906: checking for awk
configure:4922: found /usr/bin/awk
configure:4932: result: awk
configure:4942: checking whether make sets $(MAKE)
configure:4962: result: yes
configure:4992: checking for style of include used by make
configure:5020: result: GNU
configure:5201: checking dependency style of clang
configure:5291: result: gcc3
configure:5310: checking dependency style of clang++
configure:5400: result: gcc3
configure:5418: checking whether to enable maintainer-specific portions of Makefiles
configure:5427: result: no
configure:5877: checking host system type
configure:5891: result: i386-apple-darwin16.7.0
configure:5899: checking for a sed that does not truncate output
configure:5953: result: /usr/bin/sed
configure:5967: checking for ld used by clang
configure:6034: result: /Applications/Xcode.app/Contents/Developer/Toolchains/XcodeDefault.xctoolchain/usr/bin/ld
configure:6043: checking if the linker (/Applications/Xcode.app/Contents/Developer/Toolchains/XcodeDefault.xctoolchain/usr/bin/ld) is GNU ld
configure:6058: result: no
configure:6063: checking for /Applications/Xcode.app/Contents/Developer/Toolchains/XcodeDefault.xctoolchain/usr/bin/ld option to reload object files
configure:6070: result: -r
configure:6088: checking for BSD-compatible nm
configure:6137: result: /usr/bin/nm -B
configure:6141: checking how to recognise dependent libraries
configure:6317: result: pass_all
configure:6553: checking how to run the C preprocessor
configure:6588: clang -E  conftest.c
configure:6594: $? = 0
configure:6626: clang -E  conftest.c
conftest.c:14:10: fatal error: 'ac_nonexistent.h' file not found
#include <ac_nonexistent.h>
         ^~~~~~~~~~~~~~~~~~
1 error generated.
configure:6632: $? = 1
configure: failed program was:
| /* confdefs.h.  */
| 
| #define PACKAGE_NAME "Ipopt"
| #define PACKAGE_TARNAME "ipopt"
| #define PACKAGE_VERSION "3.12.7"
| #define PACKAGE_STRING "Ipopt 3.12.7"
| #define PACKAGE_BUGREPORT "http://projects.coin-or.org/Ipopt/newticket"
| #ifdef __cplusplus
| extern "C" void exit (int);
| #endif
| #define PACKAGE "ipopt"
| #define VERSION "3.12.7"
| /* end confdefs.h.  */
| #include <ac_nonexistent.h>
configure:6671: result: clang -E
configure:6695: clang -E  conftest.c
configure:6701: $? = 0
configure:6733: clang -E  conftest.c
conftest.c:14:10: fatal error: 'ac_nonexistent.h' file not found
#include <ac_nonexistent.h>
         ^~~~~~~~~~~~~~~~~~
1 error generated.
configure:6739: $? = 1
configure: failed program was:
| /* confdefs.h.  */
| 
| #define PACKAGE_NAME "Ipopt"
| #define PACKAGE_TARNAME "ipopt"
| #define PACKAGE_VERSION "3.12.7"
| #define PACKAGE_STRING "Ipopt 3.12.7"
| #define PACKAGE_BUGREPORT "http://projects.coin-or.org/Ipopt/newticket"
| #ifdef __cplusplus
| extern "C" void exit (int);
| #endif
| #define PACKAGE "ipopt"
| #define VERSION "3.12.7"
| /* end confdefs.h.  */
| #include <ac_nonexistent.h>
configure:6783: checking for ANSI C header files
configure:6808: clang -c -O3 -pipe -DNDEBUG -Wimplicit -Wparentheses -Wsequence-point -Wreturn-type -Wcast-qual -Wall -Wno-unknown-pragmas -Wno-long-long    conftest.c >&5
configure:6814: $? = 0
configure:6818: test -z 
			 || test ! -s conftest.err
configure:6821: $? = 0
configure:6824: test -s conftest.o
configure:6827: $? = 0
configure:6916: clang -o conftest -O3 -pipe -DNDEBUG -Wimplicit -Wparentheses -Wsequence-point -Wreturn-type -Wcast-qual -Wall -Wno-unknown-pragmas -Wno-long-long     conftest.c  >&5
conftest.c:31:7: warning: implicitly declaring library function 'exit' with type 'void (int) __attribute__((noreturn))' [-Wimplicit-function-declaration]
      exit(2);
      ^
conftest.c:31:7: note: include the header <stdlib.h> or explicitly provide a declaration for 'exit'
1 warning generated.
configure:6919: $? = 0
configure:6921: ./conftest
configure:6924: $? = 0
configure:6939: result: yes
configure:6963: checking for sys/types.h
configure:6979: clang -c -O3 -pipe -DNDEBUG -Wimplicit -Wparentheses -Wsequence-point -Wreturn-type -Wcast-qual -Wall -Wno-unknown-pragmas -Wno-long-long    conftest.c >&5
configure:6985: $? = 0
configure:6989: test -z 
			 || test ! -s conftest.err
configure:6992: $? = 0
configure:6995: test -s conftest.o
configure:6998: $? = 0
configure:7009: result: yes
configure:6963: checking for sys/stat.h
configure:6979: clang -c -O3 -pipe -DNDEBUG -Wimplicit -Wparentheses -Wsequence-point -Wreturn-type -Wcast-qual -Wall -Wno-unknown-pragmas -Wno-long-long    conftest.c >&5
configure:6985: $? = 0
configure:6989: test -z 
			 || test ! -s conftest.err
configure:6992: $? = 0
configure:6995: test -s conftest.o
configure:6998: $? = 0
configure:7009: result: yes
configure:6963: checking for stdlib.h
configure:6979: clang -c -O3 -pipe -DNDEBUG -Wimplicit -Wparentheses -Wsequence-point -Wreturn-type -Wcast-qual -Wall -Wno-unknown-pragmas -Wno-long-long    conftest.c >&5
configure:6985: $? = 0
configure:6989: test -z 
			 || test ! -s conftest.err
configure:6992: $? = 0
configure:6995: test -s conftest.o
configure:6998: $? = 0
configure:7009: result: yes
configure:6963: checking for string.h
configure:6979: clang -c -O3 -pipe -DNDEBUG -Wimplicit -Wparentheses -Wsequence-point -Wreturn-type -Wcast-qual -Wall -Wno-unknown-pragmas -Wno-long-long    conftest.c >&5
configure:6985: $? = 0
configure:6989: test -z 
			 || test ! -s conftest.err
configure:6992: $? = 0
configure:6995: test -s conftest.o
configure:6998: $? = 0
configure:7009: result: yes
configure:6963: checking for memory.h
configure:6979: clang -c -O3 -pipe -DNDEBUG -Wimplicit -Wparentheses -Wsequence-point -Wreturn-type -Wcast-qual -Wall -Wno-unknown-pragmas -Wno-long-long    conftest.c >&5
configure:6985: $? = 0
configure:6989: test -z 
			 || test ! -s conftest.err
configure:6992: $? = 0
configure:6995: test -s conftest.o
configure:6998: $? = 0
configure:7009: result: yes
configure:6963: checking for strings.h
configure:6979: clang -c -O3 -pipe -DNDEBUG -Wimplicit -Wparentheses -Wsequence-point -Wreturn-type -Wcast-qual -Wall -Wno-unknown-pragmas -Wno-long-long    conftest.c >&5
configure:6985: $? = 0
configure:6989: test -z 
			 || test ! -s conftest.err
configure:6992: $? = 0
configure:6995: test -s conftest.o
configure:6998: $? = 0
configure:7009: result: yes
configure:6963: checking for inttypes.h
configure:6979: clang -c -O3 -pipe -DNDEBUG -Wimplicit -Wparentheses -Wsequence-point -Wreturn-type -Wcast-qual -Wall -Wno-unknown-pragmas -Wno-long-long    conftest.c >&5
configure:6985: $? = 0
configure:6989: test -z 
			 || test ! -s conftest.err
configure:6992: $? = 0
configure:6995: test -s conftest.o
configure:6998: $? = 0
configure:7009: result: yes
configure:6963: checking for stdint.h
configure:6979: clang -c -O3 -pipe -DNDEBUG -Wimplicit -Wparentheses -Wsequence-point -Wreturn-type -Wcast-qual -Wall -Wno-unknown-pragmas -Wno-long-long    conftest.c >&5
configure:6985: $? = 0
configure:6989: test -z 
			 || test ! -s conftest.err
configure:6992: $? = 0
configure:6995: test -s conftest.o
configure:6998: $? = 0
configure:7009: result: yes
configure:6963: checking for unistd.h
configure:6979: clang -c -O3 -pipe -DNDEBUG -Wimplicit -Wparentheses -Wsequence-point -Wreturn-type -Wcast-qual -Wall -Wno-unknown-pragmas -Wno-long-long    conftest.c >&5
configure:6985: $? = 0
configure:6989: test -z 
			 || test ! -s conftest.err
configure:6992: $? = 0
configure:6995: test -s conftest.o
configure:6998: $? = 0
configure:7009: result: yes
configure:7035: checking dlfcn.h usability
configure:7047: clang -c -O3 -pipe -DNDEBUG -Wimplicit -Wparentheses -Wsequence-point -Wreturn-type -Wcast-qual -Wall -Wno-unknown-pragmas -Wno-long-long    conftest.c >&5
configure:7053: $? = 0
configure:7057: test -z 
			 || test ! -s conftest.err
configure:7060: $? = 0
configure:7063: test -s conftest.o
configure:7066: $? = 0
configure:7076: result: yes
configure:7080: checking dlfcn.h presence
configure:7090: clang -E  conftest.c
configure:7096: $? = 0
configure:7116: result: yes
configure:7151: checking for dlfcn.h
configure:7158: result: yes
configure:7181: checking how to run the C++ preprocessor
configure:7212: clang++ -E  conftest.cc
configure:7218: $? = 0
configure:7250: clang++ -E  conftest.cc
conftest.cc:25:10: fatal error: 'ac_nonexistent.h' file not found
#include <ac_nonexistent.h>
         ^~~~~~~~~~~~~~~~~~
1 error generated.
configure:7256: $? = 1
configure: failed program was:
| /* confdefs.h.  */
| 
| #define PACKAGE_NAME "Ipopt"
| #define PACKAGE_TARNAME "ipopt"
| #define PACKAGE_VERSION "3.12.7"
| #define PACKAGE_STRING "Ipopt 3.12.7"
| #define PACKAGE_BUGREPORT "http://projects.coin-or.org/Ipopt/newticket"
| #ifdef __cplusplus
| extern "C" void exit (int);
| #endif
| #define PACKAGE "ipopt"
| #define VERSION "3.12.7"
| #define STDC_HEADERS 1
| #define HAVE_SYS_TYPES_H 1
| #define HAVE_SYS_STAT_H 1
| #define HAVE_STDLIB_H 1
| #define HAVE_STRING_H 1
| #define HAVE_MEMORY_H 1
| #define HAVE_STRINGS_H 1
| #define HAVE_INTTYPES_H 1
| #define HAVE_STDINT_H 1
| #define HAVE_UNISTD_H 1
| #define HAVE_DLFCN_H 1
| /* end confdefs.h.  */
| #include <ac_nonexistent.h>
configure:7295: result: clang++ -E
configure:7319: clang++ -E  conftest.cc
configure:7325: $? = 0
configure:7357: clang++ -E  conftest.cc
conftest.cc:25:10: fatal error: 'ac_nonexistent.h' file not found
#include <ac_nonexistent.h>
         ^~~~~~~~~~~~~~~~~~
1 error generated.
configure:7363: $? = 1
configure: failed program was:
| /* confdefs.h.  */
| 
| #define PACKAGE_NAME "Ipopt"
| #define PACKAGE_TARNAME "ipopt"
| #define PACKAGE_VERSION "3.12.7"
| #define PACKAGE_STRING "Ipopt 3.12.7"
| #define PACKAGE_BUGREPORT "http://projects.coin-or.org/Ipopt/newticket"
| #ifdef __cplusplus
| extern "C" void exit (int);
| #endif
| #define PACKAGE "ipopt"
| #define VERSION "3.12.7"
| #define STDC_HEADERS 1
| #define HAVE_SYS_TYPES_H 1
| #define HAVE_SYS_STAT_H 1
| #define HAVE_STDLIB_H 1
| #define HAVE_STRING_H 1
| #define HAVE_MEMORY_H 1
| #define HAVE_STRINGS_H 1
| #define HAVE_INTTYPES_H 1
| #define HAVE_STDINT_H 1
| #define HAVE_UNISTD_H 1
| #define HAVE_DLFCN_H 1
| /* end confdefs.h.  */
| #include <ac_nonexistent.h>
configure:7412: checking the maximum length of command line arguments
configure:7521: result: 196608
configure:7532: checking command to parse /usr/bin/nm -B output from clang object
configure:7637: clang++ -c -O3 -pipe -DNDEBUG     conftest.cc >&5
configure:7640: $? = 0
configure:7644: /usr/bin/nm -B conftest.o \| sed -n -e 's/^.*[ 	]\([BCDEGRST][BCDEGRST]*\)[ 	][ 	]*\([_A-Za-z][_A-Za-z0-9]*\)$/\1 \2 \2/p' \> conftest.nm
configure:7647: $? = 0
cannot find nm_test_var in conftest.nm
configure:7637: clang++ -c -O3 -pipe -DNDEBUG     conftest.cc >&5
configure:7640: $? = 0
configure:7644: /usr/bin/nm -B conftest.o \| sed -n -e 's/^.*[ 	]\([BCDEGRST][BCDEGRST]*\)[ 	][ 	]*_\([_A-Za-z][_A-Za-z0-9]*\)$/\1 _\2 \2/p' \> conftest.nm
configure:7647: $? = 0
configure:7699: clang++ -o conftest -O3 -pipe -DNDEBUG      conftest.cc conftstm.o >&5
configure:7702: $? = 0
configure:7740: result: ok
configure:7744: checking for objdir
configure:7759: result: .libs
configure:7849: checking for ar
configure:7865: found /usr/bin/ar
configure:7876: result: ar
configure:7929: checking for ranlib
configure:7945: found /usr/bin/ranlib
configure:7956: result: ranlib
configure:8009: checking for strip
configure:8025: found /usr/bin/strip
configure:8036: result: strip
configure:8312: checking if clang supports -fno-rtti -fno-exceptions
configure:8330: clang -c -O3 -pipe -DNDEBUG -Wimplicit -Wparentheses -Wsequence-point -Wreturn-type -Wcast-qual -Wall -Wno-unknown-pragmas -Wno-long-long    -fno-rtti -fno-exceptions conftest.c >&5
configure:8334: $? = 0
configure:8347: result: yes
configure:8362: checking for clang option to produce PIC
configure:8572: result: -fno-common
configure:8580: checking if clang PIC flag -fno-common works
configure:8598: clang -c -O3 -pipe -DNDEBUG -Wimplicit -Wparentheses -Wsequence-point -Wreturn-type -Wcast-qual -Wall -Wno-unknown-pragmas -Wno-long-long    -fno-common -DPIC conftest.c >&5
configure:8602: $? = 0
configure:8615: result: yes
configure:8643: checking if clang static flag -static works
configure:8671: result: no
configure:8681: checking if clang supports -c -o file.o
configure:8702: clang -c -O3 -pipe -DNDEBUG -Wimplicit -Wparentheses -Wsequence-point -Wreturn-type -Wcast-qual -Wall -Wno-unknown-pragmas -Wno-long-long    -o out/conftest2.o conftest.c >&5
configure:8706: $? = 0
configure:8728: result: yes
configure:8754: checking whether the clang linker (/Applications/Xcode.app/Contents/Developer/Toolchains/XcodeDefault.xctoolchain/usr/bin/ld) supports shared libraries
configure:9712: result: yes
configure:9779: checking dynamic linker characteristics
configure:10367: result: darwin16.7.0 dyld
configure:10376: checking how to hardcode library paths into programs
configure:10401: result: immediate
configure:10415: checking whether stripping libraries is possible
configure:10428: result: yes
configure:11254: checking if libtool supports shared libraries
configure:11256: result: yes
configure:11259: checking whether to build shared libraries
configure:11280: result: yes
configure:11283: checking whether to build static libraries
configure:11287: result: no
configure:11379: creating libtool
configure:11967: checking for ld used by clang++
configure:12034: result: /Applications/Xcode.app/Contents/Developer/Toolchains/XcodeDefault.xctoolchain/usr/bin/ld
configure:12043: checking if the linker (/Applications/Xcode.app/Contents/Developer/Toolchains/XcodeDefault.xctoolchain/usr/bin/ld) is GNU ld
configure:12058: result: no
configure:12109: checking whether the clang++ linker (/Applications/Xcode.app/Contents/Developer/Toolchains/XcodeDefault.xctoolchain/usr/bin/ld) supports shared libraries
configure:13047: result: yes
configure:13069: clang++ -c -O3 -pipe -DNDEBUG     conftest.cpp >&5
configure:13072: $? = 0
configure:13191: checking for clang++ option to produce PIC
configure:13465: result: -fno-common
configure:13473: checking if clang++ PIC flag -fno-common works
configure:13491: clang++ -c -O3 -pipe -DNDEBUG     -fno-common -DPIC conftest.cpp >&5
configure:13495: $? = 0
configure:13508: result: yes
configure:13536: checking if clang++ static flag -static works
configure:13564: result: no
configure:13574: checking if clang++ supports -c -o file.o
configure:13595: clang++ -c -O3 -pipe -DNDEBUG     -o out/conftest2.o conftest.cpp >&5
configure:13599: $? = 0
configure:13621: result: yes
configure:13647: checking whether the clang++ linker (/Applications/Xcode.app/Contents/Developer/Toolchains/XcodeDefault.xctoolchain/usr/bin/ld) supports shared libraries
configure:13672: result: yes
configure:13739: checking dynamic linker characteristics
configure:14327: result: darwin16.7.0 dyld
configure:14336: checking how to hardcode library paths into programs
configure:14361: result: immediate
configure:14887: checking if libtool supports shared libraries
configure:14889: result: yes
configure:14892: checking whether to build shared libraries
configure:14912: result: yes
configure:14915: checking whether to build static libraries
configure:14919: result: no
configure:14929: checking for gfortran option to produce PIC
configure:15139: result: -fno-common
configure:15147: checking if gfortran PIC flag -fno-common works
configure:15165: gfortran -c  -fno-common conftest.f >&5
configure:15169: $? = 0
configure:15182: result: yes
configure:15210: checking if gfortran static flag -static works
configure:15238: result: no
configure:15248: checking if gfortran supports -c -o file.o
configure:15269: gfortran -c  -o out/conftest2.o conftest.f >&5
configure:15273: $? = 0
configure:15295: result: yes
configure:15321: checking whether the gfortran linker (/Applications/Xcode.app/Contents/Developer/Toolchains/XcodeDefault.xctoolchain/usr/bin/ld) supports shared libraries
configure:16259: result: yes
configure:16326: checking dynamic linker characteristics
configure:16914: result: darwin16.7.0 dyld
configure:16923: checking how to hardcode library paths into programs
configure:16948: result: immediate
configure:20534: Build is "i386-apple-darwin16.7.0".
configure:20626: Applying patches to libtool for Darwin
configure:20787: checking if library version is set
configure:20794: result: no
configure:20810: checking whether source of project ASL is available and should be compiled
configure:20919: result: yes, source in ThirdParty/ASL
configure:20934: checking whether source of project Metis is available and should be compiled
configure:21043: result: no, source file ./ThirdParty/Metis/metis-4.0/Lib/balance.c not available
configure:21059: checking whether source of project Blas is available and should be compiled
configure:21184: result: no, --with-blas has been specified
configure:21199: checking whether source of project Lapack is available and should be compiled
configure:21324: result: no, --with-lapack has been specified
configure:21339: checking whether source of project HSL is available and should be compiled
configure:21448: result: no, source file ./ThirdParty/HSL/coinhsl/common/deps.f not available
configure:21463: checking whether source of project Mumps is available and should be compiled
configure:21572: result: yes, source in ThirdParty/Mumps
configure:21593: checking whether source of project Ipopt is available and should be compiled
configure:21690: result: yes, source in Ipopt
configure:21711: configuring doxygen documentation options
configure:21718: checking for doxygen
configure:21745: result: no
configure:21754: checking for latex
configure:21781: result: no
configure:21809: checking for dot
configure:21836: result: NO
configure:21942: checking which command should be used to link input files
configure:21950: result: ln -s
configure:22196: creating ./config.status

## ---------------------- ##
## Running config.status. ##
## ---------------------- ##

This file was extended by Ipopt config.status 3.12.7, which was
generated by GNU Autoconf 2.59.  Invocation command line was

  CONFIG_FILES    = 
  CONFIG_HEADERS  = 
  CONFIG_LINKS    = 
  CONFIG_COMMANDS = 
  $ ./config.status 

on Ignacios-MBP

config.status:763: creating Makefile
config.status:763: creating doxydoc/doxygen.conf
config.status:946: executing depfiles commands
configure:23357: configuring in ThirdParty/ASL
configure:23474: running /bin/sh './configure' --prefix=/usr/local  '--prefix=/usr/local' 'coin_skip_warn_cxxflags=yes' '--with-blas=/usr/local/lib/libcoinblas.a -lgfortran' '--with-lapack=/usr/local/lib/libcoinlapack.a' --cache-file=/dev/null --srcdir=.
configure:23357: configuring in ThirdParty/Mumps
configure:23474: running /bin/sh './configure' --prefix=/usr/local  '--prefix=/usr/local' 'coin_skip_warn_cxxflags=yes' '--with-blas=/usr/local/lib/libcoinblas.a -lgfortran' '--with-lapack=/usr/local/lib/libcoinlapack.a' --cache-file=/dev/null --srcdir=.
configure:23357: configuring in Ipopt
configure:23474: running /bin/sh './configure' --prefix=/usr/local  '--prefix=/usr/local' 'coin_skip_warn_cxxflags=yes' '--with-blas=/usr/local/lib/libcoinblas.a -lgfortran' '--with-lapack=/usr/local/lib/libcoinlapack.a' --cache-file=/dev/null --srcdir=.
configure:23479: error: /bin/sh './configure' failed for Ipopt

## ---------------- ##
## Cache variables. ##
## ---------------- ##

ac_cv_build=i386-apple-darwin16.7.0
ac_cv_build_alias=i386-apple-darwin16.7.0
ac_cv_c_compiler_gnu=yes
ac_cv_cxx_compiler_gnu=yes
ac_cv_env_ADD_CFLAGS_set=
ac_cv_env_ADD_CFLAGS_value=
ac_cv_env_ADD_CXXFLAGS_set=
ac_cv_env_ADD_CXXFLAGS_value=
ac_cv_env_ADD_FFLAGS_set=
ac_cv_env_ADD_FFLAGS_value=
ac_cv_env_CC_set=
ac_cv_env_CC_value=
ac_cv_env_CDEFS_set=
ac_cv_env_CDEFS_value=
ac_cv_env_CFLAGS_set=
ac_cv_env_CFLAGS_value=
ac_cv_env_COIN_SKIP_PROJECTS_set=
ac_cv_env_COIN_SKIP_PROJECTS_value=
ac_cv_env_CPPFLAGS_set=
ac_cv_env_CPPFLAGS_value=
ac_cv_env_CPP_set=
ac_cv_env_CPP_value=
ac_cv_env_CXXCPP_set=
ac_cv_env_CXXCPP_value=
ac_cv_env_CXXDEFS_set=
ac_cv_env_CXXDEFS_value=
ac_cv_env_CXXFLAGS_set=
ac_cv_env_CXXFLAGS_value=
ac_cv_env_CXX_set=
ac_cv_env_CXX_value=
ac_cv_env_DBG_CFLAGS_set=
ac_cv_env_DBG_CFLAGS_value=
ac_cv_env_DBG_CXXFLAGS_set=
ac_cv_env_DBG_CXXFLAGS_value=
ac_cv_env_DBG_FFLAGS_set=
ac_cv_env_DBG_FFLAGS_value=
ac_cv_env_F77_set=
ac_cv_env_F77_value=
ac_cv_env_FFLAGS_set=
ac_cv_env_FFLAGS_value=
ac_cv_env_LDFLAGS_set=
ac_cv_env_LDFLAGS_value=
ac_cv_env_MPICC_set=
ac_cv_env_MPICC_value=
ac_cv_env_MPICXX_set=
ac_cv_env_MPICXX_value=
ac_cv_env_MPIF77_set=
ac_cv_env_MPIF77_value=
ac_cv_env_OPT_CFLAGS_set=
ac_cv_env_OPT_CFLAGS_value=
ac_cv_env_OPT_CXXFLAGS_set=
ac_cv_env_OPT_CXXFLAGS_value=
ac_cv_env_OPT_FFLAGS_set=
ac_cv_env_OPT_FFLAGS_value=
ac_cv_env_build_alias_set=
ac_cv_env_build_alias_value=
ac_cv_env_host_alias_set=
ac_cv_env_host_alias_value=
ac_cv_env_target_alias_set=
ac_cv_env_target_alias_value=
ac_cv_exeext=
ac_cv_f77_compiler_gnu=yes
ac_cv_header_dlfcn_h=yes
ac_cv_header_inttypes_h=yes
ac_cv_header_memory_h=yes
ac_cv_header_stdc=yes
ac_cv_header_stdint_h=yes
ac_cv_header_stdlib_h=yes
ac_cv_header_string_h=yes
ac_cv_header_strings_h=yes
ac_cv_header_sys_stat_h=yes
ac_cv_header_sys_types_h=yes
ac_cv_header_unistd_h=yes
ac_cv_host=i386-apple-darwin16.7.0
ac_cv_host_alias=i386-apple-darwin16.7.0
ac_cv_objext=o
ac_cv_path_install='/usr/bin/install -c'
ac_cv_prog_AWK=awk
ac_cv_prog_CPP='clang -E'
ac_cv_prog_CXXCPP='clang++ -E'
ac_cv_prog_ac_ct_AR=ar
ac_cv_prog_ac_ct_CC=clang
ac_cv_prog_ac_ct_CXX=clang++
ac_cv_prog_ac_ct_F77=gfortran
ac_cv_prog_ac_ct_RANLIB=ranlib
ac_cv_prog_ac_ct_STRIP=strip
ac_cv_prog_cc_g=yes
ac_cv_prog_cc_stdc=
ac_cv_prog_coin_doxy_usedot=NO
ac_cv_prog_coin_have_doxygen=no
ac_cv_prog_coin_have_latex=no
ac_cv_prog_cxx_g=yes
ac_cv_prog_egrep='grep -E'
ac_cv_prog_f77_g=yes
ac_cv_prog_make_make_set=yes
am_cv_CC_dependencies_compiler_type=gcc3
am_cv_CXX_dependencies_compiler_type=gcc3
lt_cv_deplibs_check_method=pass_all
lt_cv_file_magic_cmd='$MAGIC_CMD'
lt_cv_file_magic_test_file=
lt_cv_ld_reload_flag=-r
lt_cv_objdir=.libs
lt_cv_path_LD=/Applications/Xcode.app/Contents/Developer/Toolchains/XcodeDefault.xctoolchain/usr/bin/ld
lt_cv_path_LDCXX=/Applications/Xcode.app/Contents/Developer/Toolchains/XcodeDefault.xctoolchain/usr/bin/ld
lt_cv_path_NM='/usr/bin/nm -B'
lt_cv_path_SED=/usr/bin/sed
lt_cv_prog_compiler_c_o=yes
lt_cv_prog_compiler_c_o_CXX=yes
lt_cv_prog_compiler_c_o_F77=yes
lt_cv_prog_compiler_rtti_exceptions=yes
lt_cv_prog_gnu_ld=no
lt_cv_prog_gnu_ldcxx=no
lt_cv_sys_global_symbol_pipe='sed -n -e '\''s/^.*[ 	]\([BCDEGRST][BCDEGRST]*\)[ 	][ 	]*_\([_A-Za-z][_A-Za-z0-9]*\)$/\1 _\2 \2/p'\'''
lt_cv_sys_global_symbol_to_c_name_address='sed -n -e '\''s/^: \([^ ]*\) $/  {\"\1\", (lt_ptr) 0},/p'\'' -e '\''s/^[BCDEGRST] \([^ ]*\) \([^ ]*\)$/  {"\2", (lt_ptr) \&\2},/p'\'''
lt_cv_sys_global_symbol_to_cdecl='sed -n -e '\''s/^. .* \(.*\)$/extern int \1;/p'\'''
lt_cv_sys_max_cmd_len=196608
lt_lt_cv_prog_compiler_c_o='"yes"'
lt_lt_cv_prog_compiler_c_o_CXX='"yes"'
lt_lt_cv_prog_compiler_c_o_F77='"yes"'
lt_lt_cv_sys_global_symbol_pipe='"sed -n -e '\''s/^.*[ 	]\\([BCDEGRST][BCDEGRST]*\\)[ 	][ 	]*_\\([_A-Za-z][_A-Za-z0-9]*\\)\$/\\1 _\\2 \\2/p'\''"'
lt_lt_cv_sys_global_symbol_to_c_name_address='"sed -n -e '\''s/^: \\([^ ]*\\) \$/  {\\\"\\1\\\", (lt_ptr) 0},/p'\'' -e '\''s/^[BCDEGRST] \\([^ ]*\\) \\([^ ]*\\)\$/  {\"\\2\", (lt_ptr) \\&\\2},/p'\''"'
lt_lt_cv_sys_global_symbol_to_cdecl='"sed -n -e '\''s/^. .* \\(.*\\)\$/extern int \\1;/p'\''"'

## ----------------- ##
## Output variables. ##
## ----------------- ##

ABSBUILDDIR=''
ACLOCAL='${SHELL} /Users/iglopezfrancos/Documents/PROJECTS/Udacity_SDE/CarND-MPC-Project/Ipopt-3.12.7/missing --run aclocal-1.9'
ADD_CFLAGS=''
ADD_CXXFLAGS=''
ADD_FFLAGS=''
AMDEPBACKSLASH='\'
AMDEP_FALSE='#'
AMDEP_TRUE=''
AMTAR='${SHELL} /Users/iglopezfrancos/Documents/PROJECTS/Udacity_SDE/CarND-MPC-Project/Ipopt-3.12.7/missing --run tar'
AR='ar'
AUTOCONF='${SHELL} /Users/iglopezfrancos/Documents/PROJECTS/Udacity_SDE/CarND-MPC-Project/Ipopt-3.12.7/missing --run autoconf'
AUTOHEADER='${SHELL} /Users/iglopezfrancos/Documents/PROJECTS/Udacity_SDE/CarND-MPC-Project/Ipopt-3.12.7/missing --run autoheader'
AUTOMAKE='${SHELL} /Users/iglopezfrancos/Documents/PROJECTS/Udacity_SDE/CarND-MPC-Project/Ipopt-3.12.7/missing --run automake-1.9'
AUX_DIR=''
AWK='awk'
BUILDTOOLSDIR=''
CC='clang'
CCDEPMODE='depmode=gcc3'
CDEFS=''
CFLAGS='-O3 -pipe -DNDEBUG -Wimplicit -Wparentheses -Wsequence-point -Wreturn-type -Wcast-qual -Wall -Wno-unknown-pragmas -Wno-long-long  '
COIN_CC_IS_CL_FALSE=''
COIN_CC_IS_CL_TRUE='#'
COIN_CXX_IS_CL_FALSE=''
COIN_CXX_IS_CL_TRUE='#'
COIN_HAS_DOXYGEN_FALSE=''
COIN_HAS_DOXYGEN_TRUE='#'
COIN_HAS_LATEX_FALSE=''
COIN_HAS_LATEX_TRUE='#'
COIN_SKIP_PROJECTS=''
CPP='clang -E'
CPPFLAGS=''
CXX='clang++'
CXXCPP='clang++ -E'
CXXDEFS=''
CXXDEPMODE='depmode=gcc3'
CXXFLAGS='-O3 -pipe -DNDEBUG   '
CYGPATH_W='echo'
DBG_CFLAGS='-g -O0 -pipe -Wimplicit -Wparentheses -Wsequence-point -Wreturn-type -Wcast-qual -Wall -Wno-unknown-pragmas -Wno-long-long  '
DBG_CXXFLAGS='-g -O0 -pipe   '
DBG_FFLAGS='-g -O0 -pipe  '
DEFS='-DPACKAGE_NAME=\"Ipopt\" -DPACKAGE_TARNAME=\"ipopt\" -DPACKAGE_VERSION=\"3.12.7\" -DPACKAGE_STRING=\"Ipopt\ 3.12.7\" -DPACKAGE_BUGREPORT=\"http://projects.coin-or.org/Ipopt/newticket\" -DPACKAGE=\"ipopt\" -DVERSION=\"3.12.7\" -DSTDC_HEADERS=1 -DHAVE_SYS_TYPES_H=1 -DHAVE_SYS_STAT_H=1 -DHAVE_STDLIB_H=1 -DHAVE_STRING_H=1 -DHAVE_MEMORY_H=1 -DHAVE_STRINGS_H=1 -DHAVE_INTTYPES_H=1 -DHAVE_STDINT_H=1 -DHAVE_UNISTD_H=1 -DHAVE_DLFCN_H=1 '
DEPDIR='.deps'
DEPENDENCY_LINKING_FALSE='#'
DEPENDENCY_LINKING_TRUE=''
ECHO='/bin/echo'
ECHO_C='ECHO_N=''
ECHO_T=''
EGREP='grep -E'
EXEEXT=''
F77='gfortran'
FFLAGS=''
HAVE_EXTERNALS_FALSE=''
HAVE_EXTERNALS_TRUE='#'
INSTALL_DATA='${INSTALL} -m 644'
INSTALL_PROGRAM='${INSTALL}'
INSTALL_SCRIPT='${INSTALL}'
INSTALL_STRIP_PROGRAM='${SHELL} $(install_sh) -c -s'
LDFLAGS=''
LIBEXT='a'
LIBOBJS=''
LIBS=''
LIBTOOL='$(SHELL) $(top_builddir)/libtool'
LIBTOOLM4=''
LN_S='ln -s'
LTLIBOBJS=''
LT_LDFLAGS='-no-undefined'
MAINT='#'
MAINTAINER_MODE_FALSE=''
MAINTAINER_MODE_TRUE='#'
MAKEINFO='${SHELL} /Users/iglopezfrancos/Documents/PROJECTS/Udacity_SDE/CarND-MPC-Project/Ipopt-3.12.7/missing --run makeinfo'
MPICC=''
MPICXX=''
MPIF77=''
OBJEXT='o'
OPT_CFLAGS='-O3 -pipe -DNDEBUG -Wimplicit -Wparentheses -Wsequence-point -Wreturn-type -Wcast-qual -Wall -Wno-unknown-pragmas -Wno-long-long  '
OPT_CXXFLAGS='-O3 -pipe -DNDEBUG   '
OPT_FFLAGS='-O3 -pipe  '
PACKAGE='ipopt'
PACKAGE_BUGREPORT='http://projects.coin-or.org/Ipopt/newticket'
PACKAGE_NAME='Ipopt'
PACKAGE_STRING='Ipopt 3.12.7'
PACKAGE_TARNAME='ipopt'
PACKAGE_VERSION='3.12.7'
PATH_SEPARATOR=':'
RANLIB='ranlib'
RPATH_FLAGS=''
SET_MAKE=''
SHELL='/bin/sh'
STRIP='strip'
VERSION='3.12.7'
VPATH_DISTCLEANFILES=''
abs_bin_dir='/usr/local/bin'
abs_include_dir='/usr/local/include'
abs_lib_dir='/usr/local/lib'
abs_source_dir='/Users/iglopezfrancos/Documents/PROJECTS/Udacity_SDE/CarND-MPC-Project/Ipopt-3.12.7'
ac_c_preproc_warn_flag=''
ac_ct_AR='ar'
ac_ct_CC='clang'
ac_ct_CXX='clang++'
ac_ct_F77='gfortran'
ac_ct_RANLIB='ranlib'
ac_ct_STRIP='strip'
ac_cxx_preproc_warn_flag=''
am__fastdepCC_FALSE='#'
am__fastdepCC_TRUE=''
am__fastdepCXX_FALSE='#'
am__fastdepCXX_TRUE=''
am__include='include'
am__leading_dot='.'
am__quote=''
am__tar='${AMTAR} chof - "$$tardir"'
am__untar='${AMTAR} xf -'
bindir='${exec_prefix}/bin'
build='i386-apple-darwin16.7.0'
build_alias=''
build_cpu='i386'
build_os='darwin16.7.0'
build_vendor='apple'
coin_doxy_excludes=''
coin_doxy_logname='doxydoc/ipopt_doxy.log'
coin_doxy_tagfiles=''
coin_doxy_tagname='doxydoc/ipopt_doxy.tag'
coin_doxy_usedot='NO'
coin_have_doxygen='no'
coin_have_latex='no'
datadir='${prefix}/share'
exec_prefix='${prefix}'
have_autoconf=''
have_automake=''
have_svn=''
host='i386-apple-darwin16.7.0'
host_alias=''
host_cpu='i386'
host_os='darwin16.7.0'
host_vendor='apple'
includedir='${prefix}/include'
infodir='${prefix}/info'
install_sh='/Users/iglopezfrancos/Documents/PROJECTS/Udacity_SDE/CarND-MPC-Project/Ipopt-3.12.7/install-sh'
libdir='${exec_prefix}/lib'
libexecdir='${exec_prefix}/libexec'
localstatedir='${prefix}/var'
mandir='${prefix}/man'
mkdir_p='$(install_sh) -d'
oldincludedir='/usr/include'
prefix='/usr/local'
program_transform_name='s,x,x,'
sbindir='${exec_prefix}/sbin'
sharedstatedir='${prefix}/com'
sol_cc_compiler=''
subdirs=' ThirdParty/ASL ThirdParty/Mumps Ipopt'
sysconfdir='${prefix}/etc'
target_alias=''

configure: exit 1
